2023/06/08 09:28:06 - mmengine - INFO - 
------------------------------------------------------------
System environment:
    sys.platform: linux
    Python: 3.8.10 (default, Jun  4 2021, 15:09:15) [GCC 7.5.0]
    CUDA available: True
    numpy_random_seed: 378360979
    GPU 0: NVIDIA GeForce RTX 3090
    CUDA_HOME: /usr/local/cuda
    NVCC: Cuda compilation tools, release 11.8, V11.8.89
    GCC: gcc (Ubuntu 9.4.0-1ubuntu1~20.04.1) 9.4.0
    PyTorch: 2.0.0+cu118
    PyTorch compiling details: PyTorch built with:
  - GCC 9.3
  - C++ Version: 201703
  - Intel(R) oneAPI Math Kernel Library Version 2022.2-Product Build 20220804 for Intel(R) 64 architecture applications
  - Intel(R) MKL-DNN v2.7.3 (Git Hash 6dbeffbae1f23cbbeae17adb7b5b13f1f37c080e)
  - OpenMP 201511 (a.k.a. OpenMP 4.5)
  - LAPACK is enabled (usually provided by MKL)
  - NNPACK is enabled
  - CPU capability usage: AVX2
  - CUDA Runtime 11.8
  - NVCC architecture flags: -gencode;arch=compute_37,code=sm_37;-gencode;arch=compute_50,code=sm_50;-gencode;arch=compute_60,code=sm_60;-gencode;arch=compute_70,code=sm_70;-gencode;arch=compute_75,code=sm_75;-gencode;arch=compute_80,code=sm_80;-gencode;arch=compute_86,code=sm_86;-gencode;arch=compute_90,code=sm_90
  - CuDNN 8.7
  - Magma 2.6.1
  - Build settings: BLAS_INFO=mkl, BUILD_TYPE=Release, CUDA_VERSION=11.8, CUDNN_VERSION=8.7.0, CXX_COMPILER=/opt/rh/devtoolset-9/root/usr/bin/c++, CXX_FLAGS= -D_GLIBCXX_USE_CXX11_ABI=0 -fabi-version=11 -Wno-deprecated -fvisibility-inlines-hidden -DUSE_PTHREADPOOL -DNDEBUG -DUSE_KINETO -DLIBKINETO_NOROCTRACER -DUSE_FBGEMM -DUSE_QNNPACK -DUSE_PYTORCH_QNNPACK -DUSE_XNNPACK -DSYMBOLICATE_MOBILE_DEBUG_HANDLE -O2 -fPIC -Wall -Wextra -Werror=return-type -Werror=non-virtual-dtor -Werror=bool-operation -Wnarrowing -Wno-missing-field-initializers -Wno-type-limits -Wno-array-bounds -Wno-unknown-pragmas -Wunused-local-typedefs -Wno-unused-parameter -Wno-unused-function -Wno-unused-result -Wno-strict-overflow -Wno-strict-aliasing -Wno-error=deprecated-declarations -Wno-stringop-overflow -Wno-psabi -Wno-error=pedantic -Wno-error=redundant-decls -Wno-error=old-style-cast -fdiagnostics-color=always -faligned-new -Wno-unused-but-set-variable -Wno-maybe-uninitialized -fno-math-errno -fno-trapping-math -Werror=format -Werror=cast-function-type -Wno-stringop-overflow, LAPACK_INFO=mkl, PERF_WITH_AVX=1, PERF_WITH_AVX2=1, PERF_WITH_AVX512=1, TORCH_DISABLE_GPU_ASSERTS=ON, TORCH_VERSION=2.0.0, USE_CUDA=ON, USE_CUDNN=ON, USE_EXCEPTION_PTR=1, USE_GFLAGS=OFF, USE_GLOG=OFF, USE_MKL=ON, USE_MKLDNN=ON, USE_MPI=OFF, USE_NCCL=1, USE_NNPACK=ON, USE_OPENMP=ON, USE_ROCM=OFF, 

    TorchVision: 0.15.1+cu118
    OpenCV: 4.7.0
    MMEngine: 0.7.3

Runtime environment:
    cudnn_benchmark: False
    mp_cfg: {'mp_start_method': 'fork', 'opencv_num_threads': 0}
    dist_cfg: {'backend': 'nccl'}
    seed: None
    deterministic: False
    Distributed launcher: none
    Distributed training: False
    GPU number: 1
------------------------------------------------------------

2023/06/08 09:28:06 - mmengine - INFO - Config:
model = dict(
    type='ImageClassifier',
    backbone=dict(
        type='ResNet',
        depth=50,
        num_stages=4,
        out_indices=(3, ),
        style='pytorch'),
    neck=dict(type='GlobalAveragePooling'),
    head=dict(
        type='LinearClsHead',
        num_classes=30,
        in_channels=2048,
        loss=dict(type='CrossEntropyLoss', loss_weight=1.0),
        topk=(1, 5)),
    init_cfg=dict(
        type='Pretrained',
        checkpoint=
        'https://download.openmmlab.com/mmclassification/v0/resnet/resnet50_8xb32_in1k_20210831-ea4938fc.pth'
    ))
dataset_type = 'CustomDataset'
data_preprocessor = dict(
    num_classes=30,
    mean=[123.675, 116.28, 103.53],
    std=[58.395, 57.12, 57.375],
    to_rgb=True)
train_pipeline = [
    dict(type='LoadImageFromFile'),
    dict(type='RandomResizedCrop', scale=224),
    dict(type='RandomFlip', prob=0.5, direction='horizontal'),
    dict(type='PackInputs')
]
test_pipeline = [
    dict(type='LoadImageFromFile'),
    dict(type='ResizeEdge', scale=256, edge='short'),
    dict(type='CenterCrop', crop_size=224),
    dict(type='PackInputs')
]
train_dataloader = dict(
    pin_memory=True,
    persistent_workers=True,
    collate_fn=dict(type='default_collate'),
    batch_size=32,
    num_workers=5,
    dataset=dict(
        type='CustomDataset',
        data_root='data/fruit30_dataset/training_set',
        pipeline=[
            dict(type='LoadImageFromFile'),
            dict(type='RandomResizedCrop', scale=224),
            dict(type='RandomFlip', prob=0.5, direction='horizontal'),
            dict(type='PackInputs')
        ]),
    sampler=dict(type='DefaultSampler', shuffle=True))
val_dataloader = dict(
    pin_memory=True,
    persistent_workers=True,
    collate_fn=dict(type='default_collate'),
    batch_size=32,
    num_workers=5,
    dataset=dict(
        type='CustomDataset',
        data_root='data/fruit30_dataset/val_set',
        pipeline=[
            dict(type='LoadImageFromFile'),
            dict(type='ResizeEdge', scale=256, edge='short'),
            dict(type='CenterCrop', crop_size=224),
            dict(type='PackInputs')
        ]),
    sampler=dict(type='DefaultSampler', shuffle=False))
val_evaluator = dict(type='Accuracy', topk=(1, 5))
test_dataloader = dict(
    pin_memory=True,
    persistent_workers=True,
    collate_fn=dict(type='default_collate'),
    batch_size=32,
    num_workers=5,
    dataset=dict(
        type='CustomDataset',
        data_root='data/fruit30_dataset/val_set',
        pipeline=[
            dict(type='LoadImageFromFile'),
            dict(type='ResizeEdge', scale=256, edge='short'),
            dict(type='CenterCrop', crop_size=224),
            dict(type='PackInputs')
        ]),
    sampler=dict(type='DefaultSampler', shuffle=False))
test_evaluator = dict(type='Accuracy', topk=(1, 5))
optim_wrapper = dict(
    optimizer=dict(type='SGD', lr=0.001, momentum=0.9, weight_decay=0.0001))
param_scheduler = dict(
    type='MultiStepLR', by_epoch=True, milestones=[30, 60, 90], gamma=0.1)
train_cfg = dict(by_epoch=True, max_epochs=10, val_interval=1)
val_cfg = dict()
test_cfg = dict()
default_scope = 'mmpretrain'
default_hooks = dict(
    timer=dict(type='IterTimerHook'),
    logger=dict(type='LoggerHook', interval=5),
    param_scheduler=dict(type='ParamSchedulerHook'),
    checkpoint=dict(type='CheckpointHook', interval=5, save_best='auto'),
    sampler_seed=dict(type='DistSamplerSeedHook'),
    visualization=dict(type='VisualizationHook', enable=False))
env_cfg = dict(
    cudnn_benchmark=False,
    mp_cfg=dict(mp_start_method='fork', opencv_num_threads=0),
    dist_cfg=dict(backend='nccl'))
vis_backends = [dict(type='LocalVisBackend')]
visualizer = dict(
    type='UniversalVisualizer', vis_backends=[dict(type='LocalVisBackend')])
log_level = 'INFO'
load_from = None
resume = False
randomness = dict(seed=None, deterministic=False)
launcher = 'none'
work_dir = 'work_dirs'

2023/06/08 09:28:09 - mmengine - INFO - Distributed training is not used, all SyncBatchNorm (SyncBN) layers in the model will be automatically reverted to BatchNormXd layers if they are used.
2023/06/08 09:28:09 - mmengine - INFO - Hooks will be executed in the following order:
before_run:
(VERY_HIGH   ) RuntimeInfoHook                    
(BELOW_NORMAL) LoggerHook                         
 -------------------- 
before_train:
(VERY_HIGH   ) RuntimeInfoHook                    
(NORMAL      ) IterTimerHook                      
(VERY_LOW    ) CheckpointHook                     
 -------------------- 
before_train_epoch:
(VERY_HIGH   ) RuntimeInfoHook                    
(NORMAL      ) IterTimerHook                      
(NORMAL      ) DistSamplerSeedHook                
 -------------------- 
before_train_iter:
(VERY_HIGH   ) RuntimeInfoHook                    
(NORMAL      ) IterTimerHook                      
 -------------------- 
after_train_iter:
(VERY_HIGH   ) RuntimeInfoHook                    
(NORMAL      ) IterTimerHook                      
(BELOW_NORMAL) LoggerHook                         
(LOW         ) ParamSchedulerHook                 
(VERY_LOW    ) CheckpointHook                     
 -------------------- 
after_train_epoch:
(NORMAL      ) IterTimerHook                      
(LOW         ) ParamSchedulerHook                 
(VERY_LOW    ) CheckpointHook                     
 -------------------- 
before_val_epoch:
(NORMAL      ) IterTimerHook                      
 -------------------- 
before_val_iter:
(NORMAL      ) IterTimerHook                      
 -------------------- 
after_val_iter:
(NORMAL      ) IterTimerHook                      
(NORMAL      ) VisualizationHook                  
(BELOW_NORMAL) LoggerHook                         
 -------------------- 
after_val_epoch:
(VERY_HIGH   ) RuntimeInfoHook                    
(NORMAL      ) IterTimerHook                      
(BELOW_NORMAL) LoggerHook                         
(LOW         ) ParamSchedulerHook                 
(VERY_LOW    ) CheckpointHook                     
 -------------------- 
after_train:
(VERY_LOW    ) CheckpointHook                     
 -------------------- 
before_test_epoch:
(NORMAL      ) IterTimerHook                      
 -------------------- 
before_test_iter:
(NORMAL      ) IterTimerHook                      
 -------------------- 
after_test_iter:
(NORMAL      ) IterTimerHook                      
(NORMAL      ) VisualizationHook                  
(BELOW_NORMAL) LoggerHook                         
 -------------------- 
after_test_epoch:
(VERY_HIGH   ) RuntimeInfoHook                    
(NORMAL      ) IterTimerHook                      
(BELOW_NORMAL) LoggerHook                         
 -------------------- 
after_run:
(BELOW_NORMAL) LoggerHook                         
 -------------------- 
2023/06/08 09:28:11 - mmengine - INFO - load model from: https://download.openmmlab.com/mmclassification/v0/resnet/resnet50_8xb32_in1k_20210831-ea4938fc.pth
2023/06/08 09:28:11 - mmengine - INFO - Loads checkpoint by http backend from path: https://download.openmmlab.com/mmclassification/v0/resnet/resnet50_8xb32_in1k_20210831-ea4938fc.pth
2023/06/08 09:28:11 - mmengine - WARNING - The model and loaded state dict do not match exactly

size mismatch for head.fc.weight: copying a param with shape torch.Size([1000, 2048]) from checkpoint, the shape in current model is torch.Size([30, 2048]).
size mismatch for head.fc.bias: copying a param with shape torch.Size([1000]) from checkpoint, the shape in current model is torch.Size([30]).
Name of parameter - Initialization information

backbone.conv1.weight - torch.Size([64, 3, 7, 7]): 
PretrainedInit: load from https://download.openmmlab.com/mmclassification/v0/resnet/resnet50_8xb32_in1k_20210831-ea4938fc.pth 

backbone.bn1.weight - torch.Size([64]): 
PretrainedInit: load from https://download.openmmlab.com/mmclassification/v0/resnet/resnet50_8xb32_in1k_20210831-ea4938fc.pth 

backbone.bn1.bias - torch.Size([64]): 
PretrainedInit: load from https://download.openmmlab.com/mmclassification/v0/resnet/resnet50_8xb32_in1k_20210831-ea4938fc.pth 

backbone.layer1.0.conv1.weight - torch.Size([64, 64, 1, 1]): 
PretrainedInit: load from https://download.openmmlab.com/mmclassification/v0/resnet/resnet50_8xb32_in1k_20210831-ea4938fc.pth 

backbone.layer1.0.bn1.weight - torch.Size([64]): 
PretrainedInit: load from https://download.openmmlab.com/mmclassification/v0/resnet/resnet50_8xb32_in1k_20210831-ea4938fc.pth 

backbone.layer1.0.bn1.bias - torch.Size([64]): 
PretrainedInit: load from https://download.openmmlab.com/mmclassification/v0/resnet/resnet50_8xb32_in1k_20210831-ea4938fc.pth 

backbone.layer1.0.conv2.weight - torch.Size([64, 64, 3, 3]): 
PretrainedInit: load from https://download.openmmlab.com/mmclassification/v0/resnet/resnet50_8xb32_in1k_20210831-ea4938fc.pth 

backbone.layer1.0.bn2.weight - torch.Size([64]): 
PretrainedInit: load from https://download.openmmlab.com/mmclassification/v0/resnet/resnet50_8xb32_in1k_20210831-ea4938fc.pth 

backbone.layer1.0.bn2.bias - torch.Size([64]): 
PretrainedInit: load from https://download.openmmlab.com/mmclassification/v0/resnet/resnet50_8xb32_in1k_20210831-ea4938fc.pth 

backbone.layer1.0.conv3.weight - torch.Size([256, 64, 1, 1]): 
PretrainedInit: load from https://download.openmmlab.com/mmclassification/v0/resnet/resnet50_8xb32_in1k_20210831-ea4938fc.pth 

backbone.layer1.0.bn3.weight - torch.Size([256]): 
PretrainedInit: load from https://download.openmmlab.com/mmclassification/v0/resnet/resnet50_8xb32_in1k_20210831-ea4938fc.pth 

backbone.layer1.0.bn3.bias - torch.Size([256]): 
PretrainedInit: load from https://download.openmmlab.com/mmclassification/v0/resnet/resnet50_8xb32_in1k_20210831-ea4938fc.pth 

backbone.layer1.0.downsample.0.weight - torch.Size([256, 64, 1, 1]): 
PretrainedInit: load from https://download.openmmlab.com/mmclassification/v0/resnet/resnet50_8xb32_in1k_20210831-ea4938fc.pth 

backbone.layer1.0.downsample.1.weight - torch.Size([256]): 
PretrainedInit: load from https://download.openmmlab.com/mmclassification/v0/resnet/resnet50_8xb32_in1k_20210831-ea4938fc.pth 

backbone.layer1.0.downsample.1.bias - torch.Size([256]): 
PretrainedInit: load from https://download.openmmlab.com/mmclassification/v0/resnet/resnet50_8xb32_in1k_20210831-ea4938fc.pth 

backbone.layer1.1.conv1.weight - torch.Size([64, 256, 1, 1]): 
PretrainedInit: load from https://download.openmmlab.com/mmclassification/v0/resnet/resnet50_8xb32_in1k_20210831-ea4938fc.pth 

backbone.layer1.1.bn1.weight - torch.Size([64]): 
PretrainedInit: load from https://download.openmmlab.com/mmclassification/v0/resnet/resnet50_8xb32_in1k_20210831-ea4938fc.pth 

backbone.layer1.1.bn1.bias - torch.Size([64]): 
PretrainedInit: load from https://download.openmmlab.com/mmclassification/v0/resnet/resnet50_8xb32_in1k_20210831-ea4938fc.pth 

backbone.layer1.1.conv2.weight - torch.Size([64, 64, 3, 3]): 
PretrainedInit: load from https://download.openmmlab.com/mmclassification/v0/resnet/resnet50_8xb32_in1k_20210831-ea4938fc.pth 

backbone.layer1.1.bn2.weight - torch.Size([64]): 
PretrainedInit: load from https://download.openmmlab.com/mmclassification/v0/resnet/resnet50_8xb32_in1k_20210831-ea4938fc.pth 

backbone.layer1.1.bn2.bias - torch.Size([64]): 
PretrainedInit: load from https://download.openmmlab.com/mmclassification/v0/resnet/resnet50_8xb32_in1k_20210831-ea4938fc.pth 

backbone.layer1.1.conv3.weight - torch.Size([256, 64, 1, 1]): 
PretrainedInit: load from https://download.openmmlab.com/mmclassification/v0/resnet/resnet50_8xb32_in1k_20210831-ea4938fc.pth 

backbone.layer1.1.bn3.weight - torch.Size([256]): 
PretrainedInit: load from https://download.openmmlab.com/mmclassification/v0/resnet/resnet50_8xb32_in1k_20210831-ea4938fc.pth 

backbone.layer1.1.bn3.bias - torch.Size([256]): 
PretrainedInit: load from https://download.openmmlab.com/mmclassification/v0/resnet/resnet50_8xb32_in1k_20210831-ea4938fc.pth 

backbone.layer1.2.conv1.weight - torch.Size([64, 256, 1, 1]): 
PretrainedInit: load from https://download.openmmlab.com/mmclassification/v0/resnet/resnet50_8xb32_in1k_20210831-ea4938fc.pth 

backbone.layer1.2.bn1.weight - torch.Size([64]): 
PretrainedInit: load from https://download.openmmlab.com/mmclassification/v0/resnet/resnet50_8xb32_in1k_20210831-ea4938fc.pth 

backbone.layer1.2.bn1.bias - torch.Size([64]): 
PretrainedInit: load from https://download.openmmlab.com/mmclassification/v0/resnet/resnet50_8xb32_in1k_20210831-ea4938fc.pth 

backbone.layer1.2.conv2.weight - torch.Size([64, 64, 3, 3]): 
PretrainedInit: load from https://download.openmmlab.com/mmclassification/v0/resnet/resnet50_8xb32_in1k_20210831-ea4938fc.pth 

backbone.layer1.2.bn2.weight - torch.Size([64]): 
PretrainedInit: load from https://download.openmmlab.com/mmclassification/v0/resnet/resnet50_8xb32_in1k_20210831-ea4938fc.pth 

backbone.layer1.2.bn2.bias - torch.Size([64]): 
PretrainedInit: load from https://download.openmmlab.com/mmclassification/v0/resnet/resnet50_8xb32_in1k_20210831-ea4938fc.pth 

backbone.layer1.2.conv3.weight - torch.Size([256, 64, 1, 1]): 
PretrainedInit: load from https://download.openmmlab.com/mmclassification/v0/resnet/resnet50_8xb32_in1k_20210831-ea4938fc.pth 

backbone.layer1.2.bn3.weight - torch.Size([256]): 
PretrainedInit: load from https://download.openmmlab.com/mmclassification/v0/resnet/resnet50_8xb32_in1k_20210831-ea4938fc.pth 

backbone.layer1.2.bn3.bias - torch.Size([256]): 
PretrainedInit: load from https://download.openmmlab.com/mmclassification/v0/resnet/resnet50_8xb32_in1k_20210831-ea4938fc.pth 

backbone.layer2.0.conv1.weight - torch.Size([128, 256, 1, 1]): 
PretrainedInit: load from https://download.openmmlab.com/mmclassification/v0/resnet/resnet50_8xb32_in1k_20210831-ea4938fc.pth 

backbone.layer2.0.bn1.weight - torch.Size([128]): 
PretrainedInit: load from https://download.openmmlab.com/mmclassification/v0/resnet/resnet50_8xb32_in1k_20210831-ea4938fc.pth 

backbone.layer2.0.bn1.bias - torch.Size([128]): 
PretrainedInit: load from https://download.openmmlab.com/mmclassification/v0/resnet/resnet50_8xb32_in1k_20210831-ea4938fc.pth 

backbone.layer2.0.conv2.weight - torch.Size([128, 128, 3, 3]): 
PretrainedInit: load from https://download.openmmlab.com/mmclassification/v0/resnet/resnet50_8xb32_in1k_20210831-ea4938fc.pth 

backbone.layer2.0.bn2.weight - torch.Size([128]): 
PretrainedInit: load from https://download.openmmlab.com/mmclassification/v0/resnet/resnet50_8xb32_in1k_20210831-ea4938fc.pth 

backbone.layer2.0.bn2.bias - torch.Size([128]): 
PretrainedInit: load from https://download.openmmlab.com/mmclassification/v0/resnet/resnet50_8xb32_in1k_20210831-ea4938fc.pth 

backbone.layer2.0.conv3.weight - torch.Size([512, 128, 1, 1]): 
PretrainedInit: load from https://download.openmmlab.com/mmclassification/v0/resnet/resnet50_8xb32_in1k_20210831-ea4938fc.pth 

backbone.layer2.0.bn3.weight - torch.Size([512]): 
PretrainedInit: load from https://download.openmmlab.com/mmclassification/v0/resnet/resnet50_8xb32_in1k_20210831-ea4938fc.pth 

backbone.layer2.0.bn3.bias - torch.Size([512]): 
PretrainedInit: load from https://download.openmmlab.com/mmclassification/v0/resnet/resnet50_8xb32_in1k_20210831-ea4938fc.pth 

backbone.layer2.0.downsample.0.weight - torch.Size([512, 256, 1, 1]): 
PretrainedInit: load from https://download.openmmlab.com/mmclassification/v0/resnet/resnet50_8xb32_in1k_20210831-ea4938fc.pth 

backbone.layer2.0.downsample.1.weight - torch.Size([512]): 
PretrainedInit: load from https://download.openmmlab.com/mmclassification/v0/resnet/resnet50_8xb32_in1k_20210831-ea4938fc.pth 

backbone.layer2.0.downsample.1.bias - torch.Size([512]): 
PretrainedInit: load from https://download.openmmlab.com/mmclassification/v0/resnet/resnet50_8xb32_in1k_20210831-ea4938fc.pth 

backbone.layer2.1.conv1.weight - torch.Size([128, 512, 1, 1]): 
PretrainedInit: load from https://download.openmmlab.com/mmclassification/v0/resnet/resnet50_8xb32_in1k_20210831-ea4938fc.pth 

backbone.layer2.1.bn1.weight - torch.Size([128]): 
PretrainedInit: load from https://download.openmmlab.com/mmclassification/v0/resnet/resnet50_8xb32_in1k_20210831-ea4938fc.pth 

backbone.layer2.1.bn1.bias - torch.Size([128]): 
PretrainedInit: load from https://download.openmmlab.com/mmclassification/v0/resnet/resnet50_8xb32_in1k_20210831-ea4938fc.pth 

backbone.layer2.1.conv2.weight - torch.Size([128, 128, 3, 3]): 
PretrainedInit: load from https://download.openmmlab.com/mmclassification/v0/resnet/resnet50_8xb32_in1k_20210831-ea4938fc.pth 

backbone.layer2.1.bn2.weight - torch.Size([128]): 
PretrainedInit: load from https://download.openmmlab.com/mmclassification/v0/resnet/resnet50_8xb32_in1k_20210831-ea4938fc.pth 

backbone.layer2.1.bn2.bias - torch.Size([128]): 
PretrainedInit: load from https://download.openmmlab.com/mmclassification/v0/resnet/resnet50_8xb32_in1k_20210831-ea4938fc.pth 

backbone.layer2.1.conv3.weight - torch.Size([512, 128, 1, 1]): 
PretrainedInit: load from https://download.openmmlab.com/mmclassification/v0/resnet/resnet50_8xb32_in1k_20210831-ea4938fc.pth 

backbone.layer2.1.bn3.weight - torch.Size([512]): 
PretrainedInit: load from https://download.openmmlab.com/mmclassification/v0/resnet/resnet50_8xb32_in1k_20210831-ea4938fc.pth 

backbone.layer2.1.bn3.bias - torch.Size([512]): 
PretrainedInit: load from https://download.openmmlab.com/mmclassification/v0/resnet/resnet50_8xb32_in1k_20210831-ea4938fc.pth 

backbone.layer2.2.conv1.weight - torch.Size([128, 512, 1, 1]): 
PretrainedInit: load from https://download.openmmlab.com/mmclassification/v0/resnet/resnet50_8xb32_in1k_20210831-ea4938fc.pth 

backbone.layer2.2.bn1.weight - torch.Size([128]): 
PretrainedInit: load from https://download.openmmlab.com/mmclassification/v0/resnet/resnet50_8xb32_in1k_20210831-ea4938fc.pth 

backbone.layer2.2.bn1.bias - torch.Size([128]): 
PretrainedInit: load from https://download.openmmlab.com/mmclassification/v0/resnet/resnet50_8xb32_in1k_20210831-ea4938fc.pth 

backbone.layer2.2.conv2.weight - torch.Size([128, 128, 3, 3]): 
PretrainedInit: load from https://download.openmmlab.com/mmclassification/v0/resnet/resnet50_8xb32_in1k_20210831-ea4938fc.pth 

backbone.layer2.2.bn2.weight - torch.Size([128]): 
PretrainedInit: load from https://download.openmmlab.com/mmclassification/v0/resnet/resnet50_8xb32_in1k_20210831-ea4938fc.pth 

backbone.layer2.2.bn2.bias - torch.Size([128]): 
PretrainedInit: load from https://download.openmmlab.com/mmclassification/v0/resnet/resnet50_8xb32_in1k_20210831-ea4938fc.pth 

backbone.layer2.2.conv3.weight - torch.Size([512, 128, 1, 1]): 
PretrainedInit: load from https://download.openmmlab.com/mmclassification/v0/resnet/resnet50_8xb32_in1k_20210831-ea4938fc.pth 

backbone.layer2.2.bn3.weight - torch.Size([512]): 
PretrainedInit: load from https://download.openmmlab.com/mmclassification/v0/resnet/resnet50_8xb32_in1k_20210831-ea4938fc.pth 

backbone.layer2.2.bn3.bias - torch.Size([512]): 
PretrainedInit: load from https://download.openmmlab.com/mmclassification/v0/resnet/resnet50_8xb32_in1k_20210831-ea4938fc.pth 

backbone.layer2.3.conv1.weight - torch.Size([128, 512, 1, 1]): 
PretrainedInit: load from https://download.openmmlab.com/mmclassification/v0/resnet/resnet50_8xb32_in1k_20210831-ea4938fc.pth 

backbone.layer2.3.bn1.weight - torch.Size([128]): 
PretrainedInit: load from https://download.openmmlab.com/mmclassification/v0/resnet/resnet50_8xb32_in1k_20210831-ea4938fc.pth 

backbone.layer2.3.bn1.bias - torch.Size([128]): 
PretrainedInit: load from https://download.openmmlab.com/mmclassification/v0/resnet/resnet50_8xb32_in1k_20210831-ea4938fc.pth 

backbone.layer2.3.conv2.weight - torch.Size([128, 128, 3, 3]): 
PretrainedInit: load from https://download.openmmlab.com/mmclassification/v0/resnet/resnet50_8xb32_in1k_20210831-ea4938fc.pth 

backbone.layer2.3.bn2.weight - torch.Size([128]): 
PretrainedInit: load from https://download.openmmlab.com/mmclassification/v0/resnet/resnet50_8xb32_in1k_20210831-ea4938fc.pth 

backbone.layer2.3.bn2.bias - torch.Size([128]): 
PretrainedInit: load from https://download.openmmlab.com/mmclassification/v0/resnet/resnet50_8xb32_in1k_20210831-ea4938fc.pth 

backbone.layer2.3.conv3.weight - torch.Size([512, 128, 1, 1]): 
PretrainedInit: load from https://download.openmmlab.com/mmclassification/v0/resnet/resnet50_8xb32_in1k_20210831-ea4938fc.pth 

backbone.layer2.3.bn3.weight - torch.Size([512]): 
PretrainedInit: load from https://download.openmmlab.com/mmclassification/v0/resnet/resnet50_8xb32_in1k_20210831-ea4938fc.pth 

backbone.layer2.3.bn3.bias - torch.Size([512]): 
PretrainedInit: load from https://download.openmmlab.com/mmclassification/v0/resnet/resnet50_8xb32_in1k_20210831-ea4938fc.pth 

backbone.layer3.0.conv1.weight - torch.Size([256, 512, 1, 1]): 
PretrainedInit: load from https://download.openmmlab.com/mmclassification/v0/resnet/resnet50_8xb32_in1k_20210831-ea4938fc.pth 

backbone.layer3.0.bn1.weight - torch.Size([256]): 
PretrainedInit: load from https://download.openmmlab.com/mmclassification/v0/resnet/resnet50_8xb32_in1k_20210831-ea4938fc.pth 

backbone.layer3.0.bn1.bias - torch.Size([256]): 
PretrainedInit: load from https://download.openmmlab.com/mmclassification/v0/resnet/resnet50_8xb32_in1k_20210831-ea4938fc.pth 

backbone.layer3.0.conv2.weight - torch.Size([256, 256, 3, 3]): 
PretrainedInit: load from https://download.openmmlab.com/mmclassification/v0/resnet/resnet50_8xb32_in1k_20210831-ea4938fc.pth 

backbone.layer3.0.bn2.weight - torch.Size([256]): 
PretrainedInit: load from https://download.openmmlab.com/mmclassification/v0/resnet/resnet50_8xb32_in1k_20210831-ea4938fc.pth 

backbone.layer3.0.bn2.bias - torch.Size([256]): 
PretrainedInit: load from https://download.openmmlab.com/mmclassification/v0/resnet/resnet50_8xb32_in1k_20210831-ea4938fc.pth 

backbone.layer3.0.conv3.weight - torch.Size([1024, 256, 1, 1]): 
PretrainedInit: load from https://download.openmmlab.com/mmclassification/v0/resnet/resnet50_8xb32_in1k_20210831-ea4938fc.pth 

backbone.layer3.0.bn3.weight - torch.Size([1024]): 
PretrainedInit: load from https://download.openmmlab.com/mmclassification/v0/resnet/resnet50_8xb32_in1k_20210831-ea4938fc.pth 

backbone.layer3.0.bn3.bias - torch.Size([1024]): 
PretrainedInit: load from https://download.openmmlab.com/mmclassification/v0/resnet/resnet50_8xb32_in1k_20210831-ea4938fc.pth 

backbone.layer3.0.downsample.0.weight - torch.Size([1024, 512, 1, 1]): 
PretrainedInit: load from https://download.openmmlab.com/mmclassification/v0/resnet/resnet50_8xb32_in1k_20210831-ea4938fc.pth 

backbone.layer3.0.downsample.1.weight - torch.Size([1024]): 
PretrainedInit: load from https://download.openmmlab.com/mmclassification/v0/resnet/resnet50_8xb32_in1k_20210831-ea4938fc.pth 

backbone.layer3.0.downsample.1.bias - torch.Size([1024]): 
PretrainedInit: load from https://download.openmmlab.com/mmclassification/v0/resnet/resnet50_8xb32_in1k_20210831-ea4938fc.pth 

backbone.layer3.1.conv1.weight - torch.Size([256, 1024, 1, 1]): 
PretrainedInit: load from https://download.openmmlab.com/mmclassification/v0/resnet/resnet50_8xb32_in1k_20210831-ea4938fc.pth 

backbone.layer3.1.bn1.weight - torch.Size([256]): 
PretrainedInit: load from https://download.openmmlab.com/mmclassification/v0/resnet/resnet50_8xb32_in1k_20210831-ea4938fc.pth 

backbone.layer3.1.bn1.bias - torch.Size([256]): 
PretrainedInit: load from https://download.openmmlab.com/mmclassification/v0/resnet/resnet50_8xb32_in1k_20210831-ea4938fc.pth 

backbone.layer3.1.conv2.weight - torch.Size([256, 256, 3, 3]): 
PretrainedInit: load from https://download.openmmlab.com/mmclassification/v0/resnet/resnet50_8xb32_in1k_20210831-ea4938fc.pth 

backbone.layer3.1.bn2.weight - torch.Size([256]): 
PretrainedInit: load from https://download.openmmlab.com/mmclassification/v0/resnet/resnet50_8xb32_in1k_20210831-ea4938fc.pth 

backbone.layer3.1.bn2.bias - torch.Size([256]): 
PretrainedInit: load from https://download.openmmlab.com/mmclassification/v0/resnet/resnet50_8xb32_in1k_20210831-ea4938fc.pth 

backbone.layer3.1.conv3.weight - torch.Size([1024, 256, 1, 1]): 
PretrainedInit: load from https://download.openmmlab.com/mmclassification/v0/resnet/resnet50_8xb32_in1k_20210831-ea4938fc.pth 

backbone.layer3.1.bn3.weight - torch.Size([1024]): 
PretrainedInit: load from https://download.openmmlab.com/mmclassification/v0/resnet/resnet50_8xb32_in1k_20210831-ea4938fc.pth 

backbone.layer3.1.bn3.bias - torch.Size([1024]): 
PretrainedInit: load from https://download.openmmlab.com/mmclassification/v0/resnet/resnet50_8xb32_in1k_20210831-ea4938fc.pth 

backbone.layer3.2.conv1.weight - torch.Size([256, 1024, 1, 1]): 
PretrainedInit: load from https://download.openmmlab.com/mmclassification/v0/resnet/resnet50_8xb32_in1k_20210831-ea4938fc.pth 

backbone.layer3.2.bn1.weight - torch.Size([256]): 
PretrainedInit: load from https://download.openmmlab.com/mmclassification/v0/resnet/resnet50_8xb32_in1k_20210831-ea4938fc.pth 

backbone.layer3.2.bn1.bias - torch.Size([256]): 
PretrainedInit: load from https://download.openmmlab.com/mmclassification/v0/resnet/resnet50_8xb32_in1k_20210831-ea4938fc.pth 

backbone.layer3.2.conv2.weight - torch.Size([256, 256, 3, 3]): 
PretrainedInit: load from https://download.openmmlab.com/mmclassification/v0/resnet/resnet50_8xb32_in1k_20210831-ea4938fc.pth 

backbone.layer3.2.bn2.weight - torch.Size([256]): 
PretrainedInit: load from https://download.openmmlab.com/mmclassification/v0/resnet/resnet50_8xb32_in1k_20210831-ea4938fc.pth 

backbone.layer3.2.bn2.bias - torch.Size([256]): 
PretrainedInit: load from https://download.openmmlab.com/mmclassification/v0/resnet/resnet50_8xb32_in1k_20210831-ea4938fc.pth 

backbone.layer3.2.conv3.weight - torch.Size([1024, 256, 1, 1]): 
PretrainedInit: load from https://download.openmmlab.com/mmclassification/v0/resnet/resnet50_8xb32_in1k_20210831-ea4938fc.pth 

backbone.layer3.2.bn3.weight - torch.Size([1024]): 
PretrainedInit: load from https://download.openmmlab.com/mmclassification/v0/resnet/resnet50_8xb32_in1k_20210831-ea4938fc.pth 

backbone.layer3.2.bn3.bias - torch.Size([1024]): 
PretrainedInit: load from https://download.openmmlab.com/mmclassification/v0/resnet/resnet50_8xb32_in1k_20210831-ea4938fc.pth 

backbone.layer3.3.conv1.weight - torch.Size([256, 1024, 1, 1]): 
PretrainedInit: load from https://download.openmmlab.com/mmclassification/v0/resnet/resnet50_8xb32_in1k_20210831-ea4938fc.pth 

backbone.layer3.3.bn1.weight - torch.Size([256]): 
PretrainedInit: load from https://download.openmmlab.com/mmclassification/v0/resnet/resnet50_8xb32_in1k_20210831-ea4938fc.pth 

backbone.layer3.3.bn1.bias - torch.Size([256]): 
PretrainedInit: load from https://download.openmmlab.com/mmclassification/v0/resnet/resnet50_8xb32_in1k_20210831-ea4938fc.pth 

backbone.layer3.3.conv2.weight - torch.Size([256, 256, 3, 3]): 
PretrainedInit: load from https://download.openmmlab.com/mmclassification/v0/resnet/resnet50_8xb32_in1k_20210831-ea4938fc.pth 

backbone.layer3.3.bn2.weight - torch.Size([256]): 
PretrainedInit: load from https://download.openmmlab.com/mmclassification/v0/resnet/resnet50_8xb32_in1k_20210831-ea4938fc.pth 

backbone.layer3.3.bn2.bias - torch.Size([256]): 
PretrainedInit: load from https://download.openmmlab.com/mmclassification/v0/resnet/resnet50_8xb32_in1k_20210831-ea4938fc.pth 

backbone.layer3.3.conv3.weight - torch.Size([1024, 256, 1, 1]): 
PretrainedInit: load from https://download.openmmlab.com/mmclassification/v0/resnet/resnet50_8xb32_in1k_20210831-ea4938fc.pth 

backbone.layer3.3.bn3.weight - torch.Size([1024]): 
PretrainedInit: load from https://download.openmmlab.com/mmclassification/v0/resnet/resnet50_8xb32_in1k_20210831-ea4938fc.pth 

backbone.layer3.3.bn3.bias - torch.Size([1024]): 
PretrainedInit: load from https://download.openmmlab.com/mmclassification/v0/resnet/resnet50_8xb32_in1k_20210831-ea4938fc.pth 

backbone.layer3.4.conv1.weight - torch.Size([256, 1024, 1, 1]): 
PretrainedInit: load from https://download.openmmlab.com/mmclassification/v0/resnet/resnet50_8xb32_in1k_20210831-ea4938fc.pth 

backbone.layer3.4.bn1.weight - torch.Size([256]): 
PretrainedInit: load from https://download.openmmlab.com/mmclassification/v0/resnet/resnet50_8xb32_in1k_20210831-ea4938fc.pth 

backbone.layer3.4.bn1.bias - torch.Size([256]): 
PretrainedInit: load from https://download.openmmlab.com/mmclassification/v0/resnet/resnet50_8xb32_in1k_20210831-ea4938fc.pth 

backbone.layer3.4.conv2.weight - torch.Size([256, 256, 3, 3]): 
PretrainedInit: load from https://download.openmmlab.com/mmclassification/v0/resnet/resnet50_8xb32_in1k_20210831-ea4938fc.pth 

backbone.layer3.4.bn2.weight - torch.Size([256]): 
PretrainedInit: load from https://download.openmmlab.com/mmclassification/v0/resnet/resnet50_8xb32_in1k_20210831-ea4938fc.pth 

backbone.layer3.4.bn2.bias - torch.Size([256]): 
PretrainedInit: load from https://download.openmmlab.com/mmclassification/v0/resnet/resnet50_8xb32_in1k_20210831-ea4938fc.pth 

backbone.layer3.4.conv3.weight - torch.Size([1024, 256, 1, 1]): 
PretrainedInit: load from https://download.openmmlab.com/mmclassification/v0/resnet/resnet50_8xb32_in1k_20210831-ea4938fc.pth 

backbone.layer3.4.bn3.weight - torch.Size([1024]): 
PretrainedInit: load from https://download.openmmlab.com/mmclassification/v0/resnet/resnet50_8xb32_in1k_20210831-ea4938fc.pth 

backbone.layer3.4.bn3.bias - torch.Size([1024]): 
PretrainedInit: load from https://download.openmmlab.com/mmclassification/v0/resnet/resnet50_8xb32_in1k_20210831-ea4938fc.pth 

backbone.layer3.5.conv1.weight - torch.Size([256, 1024, 1, 1]): 
PretrainedInit: load from https://download.openmmlab.com/mmclassification/v0/resnet/resnet50_8xb32_in1k_20210831-ea4938fc.pth 

backbone.layer3.5.bn1.weight - torch.Size([256]): 
PretrainedInit: load from https://download.openmmlab.com/mmclassification/v0/resnet/resnet50_8xb32_in1k_20210831-ea4938fc.pth 

backbone.layer3.5.bn1.bias - torch.Size([256]): 
PretrainedInit: load from https://download.openmmlab.com/mmclassification/v0/resnet/resnet50_8xb32_in1k_20210831-ea4938fc.pth 

backbone.layer3.5.conv2.weight - torch.Size([256, 256, 3, 3]): 
PretrainedInit: load from https://download.openmmlab.com/mmclassification/v0/resnet/resnet50_8xb32_in1k_20210831-ea4938fc.pth 

backbone.layer3.5.bn2.weight - torch.Size([256]): 
PretrainedInit: load from https://download.openmmlab.com/mmclassification/v0/resnet/resnet50_8xb32_in1k_20210831-ea4938fc.pth 

backbone.layer3.5.bn2.bias - torch.Size([256]): 
PretrainedInit: load from https://download.openmmlab.com/mmclassification/v0/resnet/resnet50_8xb32_in1k_20210831-ea4938fc.pth 

backbone.layer3.5.conv3.weight - torch.Size([1024, 256, 1, 1]): 
PretrainedInit: load from https://download.openmmlab.com/mmclassification/v0/resnet/resnet50_8xb32_in1k_20210831-ea4938fc.pth 

backbone.layer3.5.bn3.weight - torch.Size([1024]): 
PretrainedInit: load from https://download.openmmlab.com/mmclassification/v0/resnet/resnet50_8xb32_in1k_20210831-ea4938fc.pth 

backbone.layer3.5.bn3.bias - torch.Size([1024]): 
PretrainedInit: load from https://download.openmmlab.com/mmclassification/v0/resnet/resnet50_8xb32_in1k_20210831-ea4938fc.pth 

backbone.layer4.0.conv1.weight - torch.Size([512, 1024, 1, 1]): 
PretrainedInit: load from https://download.openmmlab.com/mmclassification/v0/resnet/resnet50_8xb32_in1k_20210831-ea4938fc.pth 

backbone.layer4.0.bn1.weight - torch.Size([512]): 
PretrainedInit: load from https://download.openmmlab.com/mmclassification/v0/resnet/resnet50_8xb32_in1k_20210831-ea4938fc.pth 

backbone.layer4.0.bn1.bias - torch.Size([512]): 
PretrainedInit: load from https://download.openmmlab.com/mmclassification/v0/resnet/resnet50_8xb32_in1k_20210831-ea4938fc.pth 

backbone.layer4.0.conv2.weight - torch.Size([512, 512, 3, 3]): 
PretrainedInit: load from https://download.openmmlab.com/mmclassification/v0/resnet/resnet50_8xb32_in1k_20210831-ea4938fc.pth 

backbone.layer4.0.bn2.weight - torch.Size([512]): 
PretrainedInit: load from https://download.openmmlab.com/mmclassification/v0/resnet/resnet50_8xb32_in1k_20210831-ea4938fc.pth 

backbone.layer4.0.bn2.bias - torch.Size([512]): 
PretrainedInit: load from https://download.openmmlab.com/mmclassification/v0/resnet/resnet50_8xb32_in1k_20210831-ea4938fc.pth 

backbone.layer4.0.conv3.weight - torch.Size([2048, 512, 1, 1]): 
PretrainedInit: load from https://download.openmmlab.com/mmclassification/v0/resnet/resnet50_8xb32_in1k_20210831-ea4938fc.pth 

backbone.layer4.0.bn3.weight - torch.Size([2048]): 
PretrainedInit: load from https://download.openmmlab.com/mmclassification/v0/resnet/resnet50_8xb32_in1k_20210831-ea4938fc.pth 

backbone.layer4.0.bn3.bias - torch.Size([2048]): 
PretrainedInit: load from https://download.openmmlab.com/mmclassification/v0/resnet/resnet50_8xb32_in1k_20210831-ea4938fc.pth 

backbone.layer4.0.downsample.0.weight - torch.Size([2048, 1024, 1, 1]): 
PretrainedInit: load from https://download.openmmlab.com/mmclassification/v0/resnet/resnet50_8xb32_in1k_20210831-ea4938fc.pth 

backbone.layer4.0.downsample.1.weight - torch.Size([2048]): 
PretrainedInit: load from https://download.openmmlab.com/mmclassification/v0/resnet/resnet50_8xb32_in1k_20210831-ea4938fc.pth 

backbone.layer4.0.downsample.1.bias - torch.Size([2048]): 
PretrainedInit: load from https://download.openmmlab.com/mmclassification/v0/resnet/resnet50_8xb32_in1k_20210831-ea4938fc.pth 

backbone.layer4.1.conv1.weight - torch.Size([512, 2048, 1, 1]): 
PretrainedInit: load from https://download.openmmlab.com/mmclassification/v0/resnet/resnet50_8xb32_in1k_20210831-ea4938fc.pth 

backbone.layer4.1.bn1.weight - torch.Size([512]): 
PretrainedInit: load from https://download.openmmlab.com/mmclassification/v0/resnet/resnet50_8xb32_in1k_20210831-ea4938fc.pth 

backbone.layer4.1.bn1.bias - torch.Size([512]): 
PretrainedInit: load from https://download.openmmlab.com/mmclassification/v0/resnet/resnet50_8xb32_in1k_20210831-ea4938fc.pth 

backbone.layer4.1.conv2.weight - torch.Size([512, 512, 3, 3]): 
PretrainedInit: load from https://download.openmmlab.com/mmclassification/v0/resnet/resnet50_8xb32_in1k_20210831-ea4938fc.pth 

backbone.layer4.1.bn2.weight - torch.Size([512]): 
PretrainedInit: load from https://download.openmmlab.com/mmclassification/v0/resnet/resnet50_8xb32_in1k_20210831-ea4938fc.pth 

backbone.layer4.1.bn2.bias - torch.Size([512]): 
PretrainedInit: load from https://download.openmmlab.com/mmclassification/v0/resnet/resnet50_8xb32_in1k_20210831-ea4938fc.pth 

backbone.layer4.1.conv3.weight - torch.Size([2048, 512, 1, 1]): 
PretrainedInit: load from https://download.openmmlab.com/mmclassification/v0/resnet/resnet50_8xb32_in1k_20210831-ea4938fc.pth 

backbone.layer4.1.bn3.weight - torch.Size([2048]): 
PretrainedInit: load from https://download.openmmlab.com/mmclassification/v0/resnet/resnet50_8xb32_in1k_20210831-ea4938fc.pth 

backbone.layer4.1.bn3.bias - torch.Size([2048]): 
PretrainedInit: load from https://download.openmmlab.com/mmclassification/v0/resnet/resnet50_8xb32_in1k_20210831-ea4938fc.pth 

backbone.layer4.2.conv1.weight - torch.Size([512, 2048, 1, 1]): 
PretrainedInit: load from https://download.openmmlab.com/mmclassification/v0/resnet/resnet50_8xb32_in1k_20210831-ea4938fc.pth 

backbone.layer4.2.bn1.weight - torch.Size([512]): 
PretrainedInit: load from https://download.openmmlab.com/mmclassification/v0/resnet/resnet50_8xb32_in1k_20210831-ea4938fc.pth 

backbone.layer4.2.bn1.bias - torch.Size([512]): 
PretrainedInit: load from https://download.openmmlab.com/mmclassification/v0/resnet/resnet50_8xb32_in1k_20210831-ea4938fc.pth 

backbone.layer4.2.conv2.weight - torch.Size([512, 512, 3, 3]): 
PretrainedInit: load from https://download.openmmlab.com/mmclassification/v0/resnet/resnet50_8xb32_in1k_20210831-ea4938fc.pth 

backbone.layer4.2.bn2.weight - torch.Size([512]): 
PretrainedInit: load from https://download.openmmlab.com/mmclassification/v0/resnet/resnet50_8xb32_in1k_20210831-ea4938fc.pth 

backbone.layer4.2.bn2.bias - torch.Size([512]): 
PretrainedInit: load from https://download.openmmlab.com/mmclassification/v0/resnet/resnet50_8xb32_in1k_20210831-ea4938fc.pth 

backbone.layer4.2.conv3.weight - torch.Size([2048, 512, 1, 1]): 
PretrainedInit: load from https://download.openmmlab.com/mmclassification/v0/resnet/resnet50_8xb32_in1k_20210831-ea4938fc.pth 

backbone.layer4.2.bn3.weight - torch.Size([2048]): 
PretrainedInit: load from https://download.openmmlab.com/mmclassification/v0/resnet/resnet50_8xb32_in1k_20210831-ea4938fc.pth 

backbone.layer4.2.bn3.bias - torch.Size([2048]): 
PretrainedInit: load from https://download.openmmlab.com/mmclassification/v0/resnet/resnet50_8xb32_in1k_20210831-ea4938fc.pth 

head.fc.weight - torch.Size([30, 2048]): 
NormalInit: mean=0, std=0.01, bias=0 

head.fc.bias - torch.Size([30]): 
NormalInit: mean=0, std=0.01, bias=0 
2023/06/08 09:28:11 - mmengine - WARNING - "FileClient" will be deprecated in future. Please use io functions in https://mmengine.readthedocs.io/en/latest/api/fileio.html#file-io
2023/06/08 09:28:11 - mmengine - WARNING - "HardDiskBackend" is the alias of "LocalBackend" and the former will be deprecated in future.
2023/06/08 09:28:11 - mmengine - INFO - Checkpoints will be saved to /root/mmpretrain/work_dirs.
2023/06/08 09:28:15 - mmengine - INFO - Epoch(train)  [1][  5/109]  lr: 1.0000e-03  eta: 0:12:04  time: 0.6679  data_time: 0.0913  memory: 2956  loss: 3.4052
2023/06/08 09:28:15 - mmengine - INFO - Epoch(train)  [1][ 10/109]  lr: 1.0000e-03  eta: 0:06:38  time: 0.3694  data_time: 0.0465  memory: 2956  loss: 3.3933
2023/06/08 09:28:15 - mmengine - INFO - Epoch(train)  [1][ 15/109]  lr: 1.0000e-03  eta: 0:04:50  time: 0.0709  data_time: 0.0017  memory: 2956  loss: 3.3677
2023/06/08 09:28:16 - mmengine - INFO - Epoch(train)  [1][ 20/109]  lr: 1.0000e-03  eta: 0:03:55  time: 0.0711  data_time: 0.0016  memory: 2956  loss: 3.2963
2023/06/08 09:28:16 - mmengine - INFO - Epoch(train)  [1][ 25/109]  lr: 1.0000e-03  eta: 0:03:22  time: 0.0710  data_time: 0.0021  memory: 2956  loss: 3.2175
2023/06/08 09:28:16 - mmengine - INFO - Epoch(train)  [1][ 30/109]  lr: 1.0000e-03  eta: 0:03:00  time: 0.0709  data_time: 0.0028  memory: 2956  loss: 3.1524
2023/06/08 09:28:17 - mmengine - INFO - Epoch(train)  [1][ 35/109]  lr: 1.0000e-03  eta: 0:02:44  time: 0.0711  data_time: 0.0026  memory: 2956  loss: 3.0450
2023/06/08 09:28:17 - mmengine - INFO - Epoch(train)  [1][ 40/109]  lr: 1.0000e-03  eta: 0:02:32  time: 0.0706  data_time: 0.0018  memory: 2956  loss: 2.9552
2023/06/08 09:28:17 - mmengine - INFO - Epoch(train)  [1][ 45/109]  lr: 1.0000e-03  eta: 0:02:23  time: 0.0702  data_time: 0.0015  memory: 2956  loss: 2.8525
2023/06/08 09:28:18 - mmengine - INFO - Epoch(train)  [1][ 50/109]  lr: 1.0000e-03  eta: 0:02:15  time: 0.0704  data_time: 0.0016  memory: 2956  loss: 2.6953
2023/06/08 09:28:18 - mmengine - INFO - Epoch(train)  [1][ 55/109]  lr: 1.0000e-03  eta: 0:02:09  time: 0.0704  data_time: 0.0014  memory: 2956  loss: 2.5800
2023/06/08 09:28:18 - mmengine - INFO - Epoch(train)  [1][ 60/109]  lr: 1.0000e-03  eta: 0:02:04  time: 0.0703  data_time: 0.0013  memory: 2956  loss: 2.5077
2023/06/08 09:28:19 - mmengine - INFO - Epoch(train)  [1][ 65/109]  lr: 1.0000e-03  eta: 0:01:59  time: 0.0707  data_time: 0.0015  memory: 2956  loss: 2.4265
2023/06/08 09:28:19 - mmengine - INFO - Epoch(train)  [1][ 70/109]  lr: 1.0000e-03  eta: 0:01:55  time: 0.0701  data_time: 0.0013  memory: 2956  loss: 2.2895
2023/06/08 09:28:19 - mmengine - INFO - Epoch(train)  [1][ 75/109]  lr: 1.0000e-03  eta: 0:01:52  time: 0.0696  data_time: 0.0010  memory: 2956  loss: 2.1465
2023/06/08 09:28:20 - mmengine - INFO - Epoch(train)  [1][ 80/109]  lr: 1.0000e-03  eta: 0:01:48  time: 0.0701  data_time: 0.0012  memory: 2956  loss: 2.0595
2023/06/08 09:28:20 - mmengine - INFO - Epoch(train)  [1][ 85/109]  lr: 1.0000e-03  eta: 0:01:46  time: 0.0700  data_time: 0.0012  memory: 2956  loss: 1.9965
2023/06/08 09:28:21 - mmengine - INFO - Epoch(train)  [1][ 90/109]  lr: 1.0000e-03  eta: 0:01:43  time: 0.0697  data_time: 0.0011  memory: 2956  loss: 1.8553
2023/06/08 09:28:21 - mmengine - INFO - Epoch(train)  [1][ 95/109]  lr: 1.0000e-03  eta: 0:01:41  time: 0.0700  data_time: 0.0010  memory: 2956  loss: 1.6711
2023/06/08 09:28:21 - mmengine - INFO - Epoch(train)  [1][100/109]  lr: 1.0000e-03  eta: 0:01:39  time: 0.0704  data_time: 0.0012  memory: 2956  loss: 1.6041
2023/06/08 09:28:22 - mmengine - INFO - Epoch(train)  [1][105/109]  lr: 1.0000e-03  eta: 0:01:37  time: 0.0695  data_time: 0.0011  memory: 2956  loss: 1.6211
2023/06/08 09:28:22 - mmengine - INFO - Exp name: resnet50_fruit30_20230608_092805
2023/06/08 09:28:23 - mmengine - INFO - Epoch(val)  [1][ 5/27]    eta: 0:00:03  time: 0.1510  data_time: 0.1276  memory: 2956  
2023/06/08 09:28:23 - mmengine - INFO - Epoch(val)  [1][10/27]    eta: 0:00:01  time: 0.0876  data_time: 0.0642  memory: 553  
2023/06/08 09:28:23 - mmengine - INFO - Epoch(val)  [1][15/27]    eta: 0:00:00  time: 0.0241  data_time: 0.0007  memory: 553  
2023/06/08 09:28:23 - mmengine - INFO - Epoch(val)  [1][20/27]    eta: 0:00:00  time: 0.0240  data_time: 0.0005  memory: 553  
2023/06/08 09:28:23 - mmengine - INFO - Epoch(val)  [1][25/27]    eta: 0:00:00  time: 0.0236  data_time: 0.0004  memory: 553  
2023/06/08 09:28:23 - mmengine - INFO - Epoch(val) [1][27/27]    accuracy/top1: 79.6984  accuracy/top5: 96.6357  data_time: 0.0241  time: 0.0496
2023/06/08 09:28:25 - mmengine - INFO - The best checkpoint with 79.6984 accuracy/top1 at 1 epoch is saved to best_accuracy_top1_epoch_1.pth.
2023/06/08 09:28:25 - mmengine - INFO - Epoch(train)  [2][  5/109]  lr: 1.0000e-03  eta: 0:01:36  time: 0.0945  data_time: 0.0166  memory: 2956  loss: 1.4192
2023/06/08 09:28:26 - mmengine - INFO - Epoch(train)  [2][ 10/109]  lr: 1.0000e-03  eta: 0:01:34  time: 0.0861  data_time: 0.0169  memory: 2956  loss: 1.2821
2023/06/08 09:28:26 - mmengine - INFO - Epoch(train)  [2][ 15/109]  lr: 1.0000e-03  eta: 0:01:33  time: 0.0709  data_time: 0.0013  memory: 2956  loss: 1.2534
2023/06/08 09:28:26 - mmengine - INFO - Epoch(train)  [2][ 20/109]  lr: 1.0000e-03  eta: 0:01:31  time: 0.0710  data_time: 0.0014  memory: 2956  loss: 1.2404
2023/06/08 09:28:27 - mmengine - INFO - Epoch(train)  [2][ 25/109]  lr: 1.0000e-03  eta: 0:01:30  time: 0.0707  data_time: 0.0015  memory: 2956  loss: 1.2002
2023/06/08 09:28:27 - mmengine - INFO - Epoch(train)  [2][ 30/109]  lr: 1.0000e-03  eta: 0:01:29  time: 0.0706  data_time: 0.0014  memory: 2956  loss: 1.1350
2023/06/08 09:28:27 - mmengine - INFO - Epoch(train)  [2][ 35/109]  lr: 1.0000e-03  eta: 0:01:27  time: 0.0705  data_time: 0.0015  memory: 2956  loss: 1.0505
2023/06/08 09:28:28 - mmengine - INFO - Epoch(train)  [2][ 40/109]  lr: 1.0000e-03  eta: 0:01:26  time: 0.0707  data_time: 0.0016  memory: 2956  loss: 1.0771
2023/06/08 09:28:28 - mmengine - INFO - Epoch(train)  [2][ 45/109]  lr: 1.0000e-03  eta: 0:01:25  time: 0.0709  data_time: 0.0019  memory: 2956  loss: 1.0677
2023/06/08 09:28:28 - mmengine - INFO - Epoch(train)  [2][ 50/109]  lr: 1.0000e-03  eta: 0:01:24  time: 0.0707  data_time: 0.0019  memory: 2956  loss: 0.9801
2023/06/08 09:28:29 - mmengine - INFO - Epoch(train)  [2][ 55/109]  lr: 1.0000e-03  eta: 0:01:23  time: 0.0705  data_time: 0.0015  memory: 2956  loss: 0.9678
2023/06/08 09:28:29 - mmengine - INFO - Epoch(train)  [2][ 60/109]  lr: 1.0000e-03  eta: 0:01:22  time: 0.0704  data_time: 0.0015  memory: 2956  loss: 0.9477
2023/06/08 09:28:29 - mmengine - INFO - Epoch(train)  [2][ 65/109]  lr: 1.0000e-03  eta: 0:01:21  time: 0.0704  data_time: 0.0015  memory: 2956  loss: 0.9264
2023/06/08 09:28:30 - mmengine - INFO - Epoch(train)  [2][ 70/109]  lr: 1.0000e-03  eta: 0:01:20  time: 0.0705  data_time: 0.0014  memory: 2956  loss: 0.9287
2023/06/08 09:28:30 - mmengine - INFO - Epoch(train)  [2][ 75/109]  lr: 1.0000e-03  eta: 0:01:19  time: 0.0705  data_time: 0.0015  memory: 2956  loss: 0.9448
2023/06/08 09:28:30 - mmengine - INFO - Epoch(train)  [2][ 80/109]  lr: 1.0000e-03  eta: 0:01:18  time: 0.0704  data_time: 0.0015  memory: 2956  loss: 0.9193
2023/06/08 09:28:31 - mmengine - INFO - Epoch(train)  [2][ 85/109]  lr: 1.0000e-03  eta: 0:01:18  time: 0.0702  data_time: 0.0013  memory: 2956  loss: 0.8641
2023/06/08 09:28:31 - mmengine - INFO - Epoch(train)  [2][ 90/109]  lr: 1.0000e-03  eta: 0:01:17  time: 0.0704  data_time: 0.0015  memory: 2956  loss: 0.8022
2023/06/08 09:28:32 - mmengine - INFO - Epoch(train)  [2][ 95/109]  lr: 1.0000e-03  eta: 0:01:16  time: 0.0706  data_time: 0.0015  memory: 2956  loss: 0.7793
2023/06/08 09:28:32 - mmengine - INFO - Epoch(train)  [2][100/109]  lr: 1.0000e-03  eta: 0:01:15  time: 0.0702  data_time: 0.0015  memory: 2956  loss: 0.7962
2023/06/08 09:28:32 - mmengine - INFO - Epoch(train)  [2][105/109]  lr: 1.0000e-03  eta: 0:01:14  time: 0.0695  data_time: 0.0013  memory: 2956  loss: 0.8270
2023/06/08 09:28:32 - mmengine - INFO - Exp name: resnet50_fruit30_20230608_092805
2023/06/08 09:28:33 - mmengine - INFO - Epoch(val)  [2][ 5/27]    eta: 0:00:01  time: 0.0461  data_time: 0.0168  memory: 2956  
2023/06/08 09:28:33 - mmengine - INFO - Epoch(val)  [2][10/27]    eta: 0:00:00  time: 0.0407  data_time: 0.0170  memory: 553  
2023/06/08 09:28:33 - mmengine - INFO - Epoch(val)  [2][15/27]    eta: 0:00:00  time: 0.0246  data_time: 0.0010  memory: 553  
2023/06/08 09:28:33 - mmengine - INFO - Epoch(val)  [2][20/27]    eta: 0:00:00  time: 0.0244  data_time: 0.0010  memory: 553  
2023/06/08 09:28:33 - mmengine - INFO - Epoch(val)  [2][25/27]    eta: 0:00:00  time: 0.0238  data_time: 0.0004  memory: 553  
2023/06/08 09:28:33 - mmengine - INFO - Epoch(val) [2][27/27]    accuracy/top1: 87.7030  accuracy/top5: 98.3759  data_time: 0.0065  time: 0.0321
2023/06/08 09:28:33 - mmengine - INFO - The previous best checkpoint /root/mmpretrain/work_dirs/best_accuracy_top1_epoch_1.pth is removed
2023/06/08 09:28:35 - mmengine - INFO - The best checkpoint with 87.7030 accuracy/top1 at 2 epoch is saved to best_accuracy_top1_epoch_2.pth.
2023/06/08 09:28:35 - mmengine - INFO - Epoch(train)  [3][  5/109]  lr: 1.0000e-03  eta: 0:01:14  time: 0.0834  data_time: 0.0154  memory: 2956  loss: 0.6607
2023/06/08 09:28:35 - mmengine - INFO - Epoch(train)  [3][ 10/109]  lr: 1.0000e-03  eta: 0:01:13  time: 0.0841  data_time: 0.0158  memory: 2956  loss: 0.6464
2023/06/08 09:28:36 - mmengine - INFO - Epoch(train)  [3][ 15/109]  lr: 1.0000e-03  eta: 0:01:12  time: 0.0704  data_time: 0.0014  memory: 2956  loss: 0.6783
2023/06/08 09:28:36 - mmengine - INFO - Epoch(train)  [3][ 20/109]  lr: 1.0000e-03  eta: 0:01:12  time: 0.0706  data_time: 0.0014  memory: 2956  loss: 0.7150
2023/06/08 09:28:37 - mmengine - INFO - Epoch(train)  [3][ 25/109]  lr: 1.0000e-03  eta: 0:01:11  time: 0.0707  data_time: 0.0016  memory: 2956  loss: 0.6167
2023/06/08 09:28:37 - mmengine - INFO - Epoch(train)  [3][ 30/109]  lr: 1.0000e-03  eta: 0:01:10  time: 0.0708  data_time: 0.0016  memory: 2956  loss: 0.6088
2023/06/08 09:28:37 - mmengine - INFO - Epoch(train)  [3][ 35/109]  lr: 1.0000e-03  eta: 0:01:10  time: 0.0704  data_time: 0.0013  memory: 2956  loss: 0.6440
2023/06/08 09:28:38 - mmengine - INFO - Epoch(train)  [3][ 40/109]  lr: 1.0000e-03  eta: 0:01:09  time: 0.0702  data_time: 0.0012  memory: 2956  loss: 0.6796
2023/06/08 09:28:38 - mmengine - INFO - Epoch(train)  [3][ 45/109]  lr: 1.0000e-03  eta: 0:01:08  time: 0.0705  data_time: 0.0013  memory: 2956  loss: 0.6945
2023/06/08 09:28:38 - mmengine - INFO - Epoch(train)  [3][ 50/109]  lr: 1.0000e-03  eta: 0:01:08  time: 0.0707  data_time: 0.0014  memory: 2956  loss: 0.6165
2023/06/08 09:28:39 - mmengine - INFO - Epoch(train)  [3][ 55/109]  lr: 1.0000e-03  eta: 0:01:07  time: 0.0707  data_time: 0.0015  memory: 2956  loss: 0.6592
2023/06/08 09:28:39 - mmengine - INFO - Epoch(train)  [3][ 60/109]  lr: 1.0000e-03  eta: 0:01:07  time: 0.0707  data_time: 0.0014  memory: 2956  loss: 0.6839
2023/06/08 09:28:39 - mmengine - INFO - Epoch(train)  [3][ 65/109]  lr: 1.0000e-03  eta: 0:01:06  time: 0.0705  data_time: 0.0012  memory: 2956  loss: 0.6320
2023/06/08 09:28:40 - mmengine - INFO - Epoch(train)  [3][ 70/109]  lr: 1.0000e-03  eta: 0:01:05  time: 0.0704  data_time: 0.0012  memory: 2956  loss: 0.6464
2023/06/08 09:28:40 - mmengine - INFO - Epoch(train)  [3][ 75/109]  lr: 1.0000e-03  eta: 0:01:05  time: 0.0706  data_time: 0.0013  memory: 2956  loss: 0.6187
2023/06/08 09:28:40 - mmengine - INFO - Epoch(train)  [3][ 80/109]  lr: 1.0000e-03  eta: 0:01:04  time: 0.0706  data_time: 0.0014  memory: 2956  loss: 0.5744
2023/06/08 09:28:41 - mmengine - INFO - Epoch(train)  [3][ 85/109]  lr: 1.0000e-03  eta: 0:01:04  time: 0.0705  data_time: 0.0013  memory: 2956  loss: 0.6362
2023/06/08 09:28:41 - mmengine - INFO - Epoch(train)  [3][ 90/109]  lr: 1.0000e-03  eta: 0:01:03  time: 0.0709  data_time: 0.0016  memory: 2956  loss: 0.6669
2023/06/08 09:28:42 - mmengine - INFO - Epoch(train)  [3][ 95/109]  lr: 1.0000e-03  eta: 0:01:03  time: 0.0712  data_time: 0.0018  memory: 2956  loss: 0.6946
2023/06/08 09:28:42 - mmengine - INFO - Epoch(train)  [3][100/109]  lr: 1.0000e-03  eta: 0:01:02  time: 0.0706  data_time: 0.0015  memory: 2956  loss: 0.6689
2023/06/08 09:28:42 - mmengine - INFO - Epoch(train)  [3][105/109]  lr: 1.0000e-03  eta: 0:01:02  time: 0.0696  data_time: 0.0011  memory: 2956  loss: 0.5770
2023/06/08 09:28:42 - mmengine - INFO - Exp name: resnet50_fruit30_20230608_092805
2023/06/08 09:28:43 - mmengine - INFO - Epoch(val)  [3][ 5/27]    eta: 0:00:01  time: 0.0362  data_time: 0.0129  memory: 2956  
2023/06/08 09:28:43 - mmengine - INFO - Epoch(val)  [3][10/27]    eta: 0:00:00  time: 0.0365  data_time: 0.0130  memory: 553  
2023/06/08 09:28:43 - mmengine - INFO - Epoch(val)  [3][15/27]    eta: 0:00:00  time: 0.0238  data_time: 0.0006  memory: 553  
2023/06/08 09:28:43 - mmengine - INFO - Epoch(val)  [3][20/27]    eta: 0:00:00  time: 0.0239  data_time: 0.0006  memory: 553  
2023/06/08 09:28:43 - mmengine - INFO - Epoch(val)  [3][25/27]    eta: 0:00:00  time: 0.0242  data_time: 0.0010  memory: 553  
2023/06/08 09:28:43 - mmengine - INFO - Epoch(val) [3][27/27]    accuracy/top1: 89.9072  accuracy/top5: 99.0719  data_time: 0.0052  time: 0.0283
2023/06/08 09:28:43 - mmengine - INFO - The previous best checkpoint /root/mmpretrain/work_dirs/best_accuracy_top1_epoch_2.pth is removed
2023/06/08 09:28:45 - mmengine - INFO - The best checkpoint with 89.9072 accuracy/top1 at 3 epoch is saved to best_accuracy_top1_epoch_3.pth.
2023/06/08 09:28:45 - mmengine - INFO - Epoch(train)  [4][  5/109]  lr: 1.0000e-03  eta: 0:01:01  time: 0.0823  data_time: 0.0140  memory: 2956  loss: 0.4757
2023/06/08 09:28:45 - mmengine - INFO - Epoch(train)  [4][ 10/109]  lr: 1.0000e-03  eta: 0:01:00  time: 0.0833  data_time: 0.0144  memory: 2956  loss: 0.4475
2023/06/08 09:28:46 - mmengine - INFO - Epoch(train)  [4][ 15/109]  lr: 1.0000e-03  eta: 0:01:00  time: 0.0709  data_time: 0.0013  memory: 2956  loss: 0.4687
2023/06/08 09:28:46 - mmengine - INFO - Epoch(train)  [4][ 20/109]  lr: 1.0000e-03  eta: 0:00:59  time: 0.0714  data_time: 0.0013  memory: 2956  loss: 0.4428
2023/06/08 09:28:47 - mmengine - INFO - Epoch(train)  [4][ 25/109]  lr: 1.0000e-03  eta: 0:00:59  time: 0.0712  data_time: 0.0015  memory: 2956  loss: 0.4932
2023/06/08 09:28:47 - mmengine - INFO - Epoch(train)  [4][ 30/109]  lr: 1.0000e-03  eta: 0:00:58  time: 0.0707  data_time: 0.0015  memory: 2956  loss: 0.5942
2023/06/08 09:28:47 - mmengine - INFO - Epoch(train)  [4][ 35/109]  lr: 1.0000e-03  eta: 0:00:58  time: 0.0707  data_time: 0.0014  memory: 2956  loss: 0.5468
2023/06/08 09:28:48 - mmengine - INFO - Epoch(train)  [4][ 40/109]  lr: 1.0000e-03  eta: 0:00:57  time: 0.0707  data_time: 0.0013  memory: 2956  loss: 0.4795
2023/06/08 09:28:48 - mmengine - INFO - Epoch(train)  [4][ 45/109]  lr: 1.0000e-03  eta: 0:00:57  time: 0.0710  data_time: 0.0016  memory: 2956  loss: 0.4787
2023/06/08 09:28:48 - mmengine - INFO - Epoch(train)  [4][ 50/109]  lr: 1.0000e-03  eta: 0:00:56  time: 0.0708  data_time: 0.0016  memory: 2956  loss: 0.5131
2023/06/08 09:28:49 - mmengine - INFO - Epoch(train)  [4][ 55/109]  lr: 1.0000e-03  eta: 0:00:56  time: 0.0704  data_time: 0.0013  memory: 2956  loss: 0.5201
2023/06/08 09:28:49 - mmengine - INFO - Epoch(train)  [4][ 60/109]  lr: 1.0000e-03  eta: 0:00:55  time: 0.0703  data_time: 0.0014  memory: 2956  loss: 0.5522
2023/06/08 09:28:49 - mmengine - INFO - Epoch(train)  [4][ 65/109]  lr: 1.0000e-03  eta: 0:00:55  time: 0.0705  data_time: 0.0015  memory: 2956  loss: 0.5421
2023/06/08 09:28:50 - mmengine - INFO - Epoch(train)  [4][ 70/109]  lr: 1.0000e-03  eta: 0:00:54  time: 0.0705  data_time: 0.0014  memory: 2956  loss: 0.4336
2023/06/08 09:28:50 - mmengine - INFO - Epoch(train)  [4][ 75/109]  lr: 1.0000e-03  eta: 0:00:54  time: 0.0704  data_time: 0.0012  memory: 2956  loss: 0.4014
2023/06/08 09:28:50 - mmengine - INFO - Epoch(train)  [4][ 80/109]  lr: 1.0000e-03  eta: 0:00:53  time: 0.0707  data_time: 0.0014  memory: 2956  loss: 0.4522
2023/06/08 09:28:51 - mmengine - INFO - Epoch(train)  [4][ 85/109]  lr: 1.0000e-03  eta: 0:00:53  time: 0.0706  data_time: 0.0013  memory: 2956  loss: 0.4744
2023/06/08 09:28:51 - mmengine - INFO - Epoch(train)  [4][ 90/109]  lr: 1.0000e-03  eta: 0:00:53  time: 0.0704  data_time: 0.0011  memory: 2956  loss: 0.5030
2023/06/08 09:28:51 - mmengine - INFO - Epoch(train)  [4][ 95/109]  lr: 1.0000e-03  eta: 0:00:52  time: 0.0702  data_time: 0.0012  memory: 2956  loss: 0.4393
2023/06/08 09:28:52 - mmengine - INFO - Epoch(train)  [4][100/109]  lr: 1.0000e-03  eta: 0:00:52  time: 0.0702  data_time: 0.0013  memory: 2956  loss: 0.3927
2023/06/08 09:28:52 - mmengine - INFO - Epoch(train)  [4][105/109]  lr: 1.0000e-03  eta: 0:00:51  time: 0.0694  data_time: 0.0009  memory: 2956  loss: 0.4373
2023/06/08 09:28:52 - mmengine - INFO - Exp name: resnet50_fruit30_20230608_092805
2023/06/08 09:28:53 - mmengine - INFO - Epoch(val)  [4][ 5/27]    eta: 0:00:01  time: 0.0359  data_time: 0.0131  memory: 2956  
2023/06/08 09:28:53 - mmengine - INFO - Epoch(val)  [4][10/27]    eta: 0:00:00  time: 0.0362  data_time: 0.0131  memory: 553  
2023/06/08 09:28:53 - mmengine - INFO - Epoch(val)  [4][15/27]    eta: 0:00:00  time: 0.0239  data_time: 0.0007  memory: 553  
2023/06/08 09:28:53 - mmengine - INFO - Epoch(val)  [4][20/27]    eta: 0:00:00  time: 0.0238  data_time: 0.0008  memory: 553  
2023/06/08 09:28:53 - mmengine - INFO - Epoch(val)  [4][25/27]    eta: 0:00:00  time: 0.0240  data_time: 0.0011  memory: 553  
2023/06/08 09:28:53 - mmengine - INFO - Epoch(val) [4][27/27]    accuracy/top1: 91.2993  accuracy/top5: 99.4200  data_time: 0.0053  time: 0.0282
2023/06/08 09:28:53 - mmengine - INFO - The previous best checkpoint /root/mmpretrain/work_dirs/best_accuracy_top1_epoch_3.pth is removed
2023/06/08 09:28:54 - mmengine - INFO - The best checkpoint with 91.2993 accuracy/top1 at 4 epoch is saved to best_accuracy_top1_epoch_4.pth.
2023/06/08 09:28:55 - mmengine - INFO - Epoch(train)  [5][  5/109]  lr: 1.0000e-03  eta: 0:00:51  time: 0.0824  data_time: 0.0142  memory: 2956  loss: 0.3907
2023/06/08 09:28:55 - mmengine - INFO - Epoch(train)  [5][ 10/109]  lr: 1.0000e-03  eta: 0:00:50  time: 0.0834  data_time: 0.0146  memory: 2956  loss: 0.4182
2023/06/08 09:28:55 - mmengine - INFO - Epoch(train)  [5][ 15/109]  lr: 1.0000e-03  eta: 0:00:50  time: 0.0704  data_time: 0.0012  memory: 2956  loss: 0.4300
2023/06/08 09:28:56 - mmengine - INFO - Epoch(train)  [5][ 20/109]  lr: 1.0000e-03  eta: 0:00:49  time: 0.0705  data_time: 0.0012  memory: 2956  loss: 0.3943
2023/06/08 09:28:56 - mmengine - INFO - Epoch(train)  [5][ 25/109]  lr: 1.0000e-03  eta: 0:00:49  time: 0.0703  data_time: 0.0013  memory: 2956  loss: 0.4247
2023/06/08 09:28:57 - mmengine - INFO - Epoch(train)  [5][ 30/109]  lr: 1.0000e-03  eta: 0:00:48  time: 0.0703  data_time: 0.0013  memory: 2956  loss: 0.4058
2023/06/08 09:28:57 - mmengine - INFO - Epoch(train)  [5][ 35/109]  lr: 1.0000e-03  eta: 0:00:48  time: 0.0702  data_time: 0.0014  memory: 2956  loss: 0.3513
2023/06/08 09:28:57 - mmengine - INFO - Epoch(train)  [5][ 40/109]  lr: 1.0000e-03  eta: 0:00:47  time: 0.0702  data_time: 0.0014  memory: 2956  loss: 0.3788
2023/06/08 09:28:58 - mmengine - INFO - Epoch(train)  [5][ 45/109]  lr: 1.0000e-03  eta: 0:00:47  time: 0.0703  data_time: 0.0013  memory: 2956  loss: 0.3655
2023/06/08 09:28:58 - mmengine - INFO - Epoch(train)  [5][ 50/109]  lr: 1.0000e-03  eta: 0:00:47  time: 0.0702  data_time: 0.0013  memory: 2956  loss: 0.3573
2023/06/08 09:28:58 - mmengine - INFO - Epoch(train)  [5][ 55/109]  lr: 1.0000e-03  eta: 0:00:46  time: 0.0700  data_time: 0.0013  memory: 2956  loss: 0.4205
2023/06/08 09:28:59 - mmengine - INFO - Epoch(train)  [5][ 60/109]  lr: 1.0000e-03  eta: 0:00:46  time: 0.0704  data_time: 0.0013  memory: 2956  loss: 0.4649
2023/06/08 09:28:59 - mmengine - INFO - Epoch(train)  [5][ 65/109]  lr: 1.0000e-03  eta: 0:00:45  time: 0.0706  data_time: 0.0014  memory: 2956  loss: 0.4252
2023/06/08 09:28:59 - mmengine - INFO - Epoch(train)  [5][ 70/109]  lr: 1.0000e-03  eta: 0:00:45  time: 0.0702  data_time: 0.0015  memory: 2956  loss: 0.3652
2023/06/08 09:29:00 - mmengine - INFO - Epoch(train)  [5][ 75/109]  lr: 1.0000e-03  eta: 0:00:44  time: 0.0706  data_time: 0.0014  memory: 2956  loss: 0.4243
2023/06/08 09:29:00 - mmengine - INFO - Epoch(train)  [5][ 80/109]  lr: 1.0000e-03  eta: 0:00:44  time: 0.0708  data_time: 0.0012  memory: 2956  loss: 0.5251
2023/06/08 09:29:00 - mmengine - INFO - Epoch(train)  [5][ 85/109]  lr: 1.0000e-03  eta: 0:00:44  time: 0.0703  data_time: 0.0011  memory: 2956  loss: 0.5064
2023/06/08 09:29:01 - mmengine - INFO - Epoch(train)  [5][ 90/109]  lr: 1.0000e-03  eta: 0:00:43  time: 0.0702  data_time: 0.0013  memory: 2956  loss: 0.4236
2023/06/08 09:29:01 - mmengine - INFO - Epoch(train)  [5][ 95/109]  lr: 1.0000e-03  eta: 0:00:43  time: 0.0704  data_time: 0.0015  memory: 2956  loss: 0.3836
2023/06/08 09:29:01 - mmengine - INFO - Epoch(train)  [5][100/109]  lr: 1.0000e-03  eta: 0:00:42  time: 0.0705  data_time: 0.0013  memory: 2956  loss: 0.3349
2023/06/08 09:29:02 - mmengine - INFO - Epoch(train)  [5][105/109]  lr: 1.0000e-03  eta: 0:00:42  time: 0.0696  data_time: 0.0010  memory: 2956  loss: 0.3201
2023/06/08 09:29:02 - mmengine - INFO - Exp name: resnet50_fruit30_20230608_092805
2023/06/08 09:29:02 - mmengine - INFO - Saving checkpoint at 5 epochs
2023/06/08 09:29:04 - mmengine - INFO - Epoch(val)  [5][ 5/27]    eta: 0:00:01  time: 0.0356  data_time: 0.0127  memory: 2956  
2023/06/08 09:29:04 - mmengine - INFO - Epoch(val)  [5][10/27]    eta: 0:00:00  time: 0.0362  data_time: 0.0129  memory: 553  
2023/06/08 09:29:04 - mmengine - INFO - Epoch(val)  [5][15/27]    eta: 0:00:00  time: 0.0240  data_time: 0.0007  memory: 553  
2023/06/08 09:29:04 - mmengine - INFO - Epoch(val)  [5][20/27]    eta: 0:00:00  time: 0.0240  data_time: 0.0006  memory: 553  
2023/06/08 09:29:04 - mmengine - INFO - Epoch(val)  [5][25/27]    eta: 0:00:00  time: 0.0240  data_time: 0.0008  memory: 553  
2023/06/08 09:29:04 - mmengine - INFO - Epoch(val) [5][27/27]    accuracy/top1: 92.2274  accuracy/top5: 99.5360  data_time: 0.0051  time: 0.0283
2023/06/08 09:29:04 - mmengine - INFO - The previous best checkpoint /root/mmpretrain/work_dirs/best_accuracy_top1_epoch_4.pth is removed
2023/06/08 09:29:06 - mmengine - INFO - The best checkpoint with 92.2274 accuracy/top1 at 5 epoch is saved to best_accuracy_top1_epoch_5.pth.
2023/06/08 09:29:06 - mmengine - INFO - Epoch(train)  [6][  5/109]  lr: 1.0000e-03  eta: 0:00:41  time: 0.0818  data_time: 0.0137  memory: 2956  loss: 0.3598
2023/06/08 09:29:07 - mmengine - INFO - Epoch(train)  [6][ 10/109]  lr: 1.0000e-03  eta: 0:00:41  time: 0.0829  data_time: 0.0141  memory: 2956  loss: 0.3385
2023/06/08 09:29:07 - mmengine - INFO - Epoch(train)  [6][ 15/109]  lr: 1.0000e-03  eta: 0:00:40  time: 0.0704  data_time: 0.0015  memory: 2956  loss: 0.3204
2023/06/08 09:29:07 - mmengine - INFO - Epoch(train)  [6][ 20/109]  lr: 1.0000e-03  eta: 0:00:40  time: 0.0706  data_time: 0.0015  memory: 2956  loss: 0.3403
2023/06/08 09:29:08 - mmengine - INFO - Epoch(train)  [6][ 25/109]  lr: 1.0000e-03  eta: 0:00:40  time: 0.0704  data_time: 0.0015  memory: 2956  loss: 0.3832
2023/06/08 09:29:08 - mmengine - INFO - Epoch(train)  [6][ 30/109]  lr: 1.0000e-03  eta: 0:00:39  time: 0.0704  data_time: 0.0013  memory: 2956  loss: 0.4365
2023/06/08 09:29:08 - mmengine - INFO - Epoch(train)  [6][ 35/109]  lr: 1.0000e-03  eta: 0:00:39  time: 0.0704  data_time: 0.0012  memory: 2956  loss: 0.4048
2023/06/08 09:29:09 - mmengine - INFO - Epoch(train)  [6][ 40/109]  lr: 1.0000e-03  eta: 0:00:38  time: 0.0703  data_time: 0.0012  memory: 2956  loss: 0.3362
2023/06/08 09:29:09 - mmengine - INFO - Epoch(train)  [6][ 45/109]  lr: 1.0000e-03  eta: 0:00:38  time: 0.0705  data_time: 0.0013  memory: 2956  loss: 0.3024
2023/06/08 09:29:09 - mmengine - INFO - Epoch(train)  [6][ 50/109]  lr: 1.0000e-03  eta: 0:00:37  time: 0.0704  data_time: 0.0014  memory: 2956  loss: 0.2976
2023/06/08 09:29:10 - mmengine - INFO - Epoch(train)  [6][ 55/109]  lr: 1.0000e-03  eta: 0:00:37  time: 0.0705  data_time: 0.0019  memory: 2956  loss: 0.3231
2023/06/08 09:29:10 - mmengine - INFO - Epoch(train)  [6][ 60/109]  lr: 1.0000e-03  eta: 0:00:37  time: 0.0707  data_time: 0.0019  memory: 2956  loss: 0.3962
2023/06/08 09:29:10 - mmengine - INFO - Epoch(train)  [6][ 65/109]  lr: 1.0000e-03  eta: 0:00:36  time: 0.0702  data_time: 0.0016  memory: 2956  loss: 0.3591
2023/06/08 09:29:11 - mmengine - INFO - Epoch(train)  [6][ 70/109]  lr: 1.0000e-03  eta: 0:00:36  time: 0.0701  data_time: 0.0014  memory: 2956  loss: 0.3087
2023/06/08 09:29:11 - mmengine - INFO - Epoch(train)  [6][ 75/109]  lr: 1.0000e-03  eta: 0:00:35  time: 0.0702  data_time: 0.0013  memory: 2956  loss: 0.3819
2023/06/08 09:29:11 - mmengine - INFO - Epoch(train)  [6][ 80/109]  lr: 1.0000e-03  eta: 0:00:35  time: 0.0702  data_time: 0.0016  memory: 2956  loss: 0.4020
2023/06/08 09:29:12 - mmengine - INFO - Epoch(train)  [6][ 85/109]  lr: 1.0000e-03  eta: 0:00:35  time: 0.0705  data_time: 0.0017  memory: 2956  loss: 0.3367
2023/06/08 09:29:12 - mmengine - INFO - Epoch(train)  [6][ 90/109]  lr: 1.0000e-03  eta: 0:00:34  time: 0.0706  data_time: 0.0015  memory: 2956  loss: 0.3070
2023/06/08 09:29:13 - mmengine - INFO - Epoch(train)  [6][ 95/109]  lr: 1.0000e-03  eta: 0:00:34  time: 0.0702  data_time: 0.0013  memory: 2956  loss: 0.3607
2023/06/08 09:29:13 - mmengine - INFO - Epoch(train)  [6][100/109]  lr: 1.0000e-03  eta: 0:00:33  time: 0.0702  data_time: 0.0017  memory: 2956  loss: 0.3173
2023/06/08 09:29:13 - mmengine - INFO - Epoch(train)  [6][105/109]  lr: 1.0000e-03  eta: 0:00:33  time: 0.0697  data_time: 0.0015  memory: 2956  loss: 0.3346
2023/06/08 09:29:13 - mmengine - INFO - Exp name: resnet50_fruit30_20230608_092805
2023/06/08 09:29:14 - mmengine - INFO - Epoch(val)  [6][ 5/27]    eta: 0:00:01  time: 0.0366  data_time: 0.0134  memory: 2956  
2023/06/08 09:29:14 - mmengine - INFO - Epoch(val)  [6][10/27]    eta: 0:00:00  time: 0.0367  data_time: 0.0133  memory: 553  
2023/06/08 09:29:14 - mmengine - INFO - Epoch(val)  [6][15/27]    eta: 0:00:00  time: 0.0236  data_time: 0.0006  memory: 553  
2023/06/08 09:29:14 - mmengine - INFO - Epoch(val)  [6][20/27]    eta: 0:00:00  time: 0.0249  data_time: 0.0017  memory: 553  
2023/06/08 09:29:14 - mmengine - INFO - Epoch(val)  [6][25/27]    eta: 0:00:00  time: 0.0253  data_time: 0.0022  memory: 553  
2023/06/08 09:29:14 - mmengine - INFO - Epoch(val) [6][27/27]    accuracy/top1: 93.2715  accuracy/top5: 99.7680  data_time: 0.0057  time: 0.0288
2023/06/08 09:29:14 - mmengine - INFO - The previous best checkpoint /root/mmpretrain/work_dirs/best_accuracy_top1_epoch_5.pth is removed
2023/06/08 09:29:16 - mmengine - INFO - The best checkpoint with 93.2715 accuracy/top1 at 6 epoch is saved to best_accuracy_top1_epoch_6.pth.
2023/06/08 09:29:16 - mmengine - INFO - Epoch(train)  [7][  5/109]  lr: 1.0000e-03  eta: 0:00:32  time: 0.0820  data_time: 0.0138  memory: 2956  loss: 0.3174
2023/06/08 09:29:16 - mmengine - INFO - Epoch(train)  [7][ 10/109]  lr: 1.0000e-03  eta: 0:00:32  time: 0.0832  data_time: 0.0143  memory: 2956  loss: 0.3292
2023/06/08 09:29:17 - mmengine - INFO - Epoch(train)  [7][ 15/109]  lr: 1.0000e-03  eta: 0:00:32  time: 0.0705  data_time: 0.0015  memory: 2956  loss: 0.2804
2023/06/08 09:29:17 - mmengine - INFO - Epoch(train)  [7][ 20/109]  lr: 1.0000e-03  eta: 0:00:31  time: 0.0705  data_time: 0.0014  memory: 2956  loss: 0.2946
2023/06/08 09:29:18 - mmengine - INFO - Epoch(train)  [7][ 25/109]  lr: 1.0000e-03  eta: 0:00:31  time: 0.0703  data_time: 0.0013  memory: 2956  loss: 0.3419
2023/06/08 09:29:18 - mmengine - INFO - Epoch(train)  [7][ 30/109]  lr: 1.0000e-03  eta: 0:00:30  time: 0.0704  data_time: 0.0013  memory: 2956  loss: 0.3499
2023/06/08 09:29:18 - mmengine - INFO - Epoch(train)  [7][ 35/109]  lr: 1.0000e-03  eta: 0:00:30  time: 0.0705  data_time: 0.0015  memory: 2956  loss: 0.3043
2023/06/08 09:29:19 - mmengine - INFO - Epoch(train)  [7][ 40/109]  lr: 1.0000e-03  eta: 0:00:30  time: 0.0702  data_time: 0.0014  memory: 2956  loss: 0.2803
2023/06/08 09:29:19 - mmengine - INFO - Epoch(train)  [7][ 45/109]  lr: 1.0000e-03  eta: 0:00:29  time: 0.0702  data_time: 0.0010  memory: 2956  loss: 0.3278
2023/06/08 09:29:19 - mmengine - INFO - Epoch(train)  [7][ 50/109]  lr: 1.0000e-03  eta: 0:00:29  time: 0.0704  data_time: 0.0010  memory: 2956  loss: 0.3668
2023/06/08 09:29:20 - mmengine - INFO - Epoch(train)  [7][ 55/109]  lr: 1.0000e-03  eta: 0:00:28  time: 0.0702  data_time: 0.0012  memory: 2956  loss: 0.3557
2023/06/08 09:29:20 - mmengine - INFO - Epoch(train)  [7][ 60/109]  lr: 1.0000e-03  eta: 0:00:28  time: 0.0702  data_time: 0.0014  memory: 2956  loss: 0.3251
2023/06/08 09:29:20 - mmengine - INFO - Epoch(train)  [7][ 65/109]  lr: 1.0000e-03  eta: 0:00:28  time: 0.0704  data_time: 0.0013  memory: 2956  loss: 0.2909
2023/06/08 09:29:21 - mmengine - INFO - Epoch(train)  [7][ 70/109]  lr: 1.0000e-03  eta: 0:00:27  time: 0.0711  data_time: 0.0017  memory: 2956  loss: 0.2738
2023/06/08 09:29:21 - mmengine - INFO - Epoch(train)  [7][ 75/109]  lr: 1.0000e-03  eta: 0:00:27  time: 0.0710  data_time: 0.0017  memory: 2956  loss: 0.2689
2023/06/08 09:29:21 - mmengine - INFO - Epoch(train)  [7][ 80/109]  lr: 1.0000e-03  eta: 0:00:26  time: 0.0703  data_time: 0.0014  memory: 2956  loss: 0.2467
2023/06/08 09:29:22 - mmengine - INFO - Epoch(train)  [7][ 85/109]  lr: 1.0000e-03  eta: 0:00:26  time: 0.0702  data_time: 0.0014  memory: 2956  loss: 0.2533
2023/06/08 09:29:22 - mmengine - INFO - Epoch(train)  [7][ 90/109]  lr: 1.0000e-03  eta: 0:00:26  time: 0.0703  data_time: 0.0014  memory: 2956  loss: 0.2772
2023/06/08 09:29:22 - mmengine - INFO - Epoch(train)  [7][ 95/109]  lr: 1.0000e-03  eta: 0:00:25  time: 0.0706  data_time: 0.0013  memory: 2956  loss: 0.2833
2023/06/08 09:29:23 - mmengine - INFO - Epoch(train)  [7][100/109]  lr: 1.0000e-03  eta: 0:00:25  time: 0.0705  data_time: 0.0013  memory: 2956  loss: 0.2595
2023/06/08 09:29:23 - mmengine - INFO - Epoch(train)  [7][105/109]  lr: 1.0000e-03  eta: 0:00:24  time: 0.0697  data_time: 0.0010  memory: 2956  loss: 0.2710
2023/06/08 09:29:23 - mmengine - INFO - Exp name: resnet50_fruit30_20230608_092805
2023/06/08 09:29:24 - mmengine - INFO - Epoch(val)  [7][ 5/27]    eta: 0:00:01  time: 0.0359  data_time: 0.0128  memory: 2956  
2023/06/08 09:29:24 - mmengine - INFO - Epoch(val)  [7][10/27]    eta: 0:00:00  time: 0.0365  data_time: 0.0130  memory: 553  
2023/06/08 09:29:24 - mmengine - INFO - Epoch(val)  [7][15/27]    eta: 0:00:00  time: 0.0242  data_time: 0.0007  memory: 553  
2023/06/08 09:29:24 - mmengine - INFO - Epoch(val)  [7][20/27]    eta: 0:00:00  time: 0.0240  data_time: 0.0006  memory: 553  
2023/06/08 09:29:24 - mmengine - INFO - Epoch(val)  [7][25/27]    eta: 0:00:00  time: 0.0239  data_time: 0.0005  memory: 553  
2023/06/08 09:29:24 - mmengine - INFO - Epoch(val) [7][27/27]    accuracy/top1: 93.3875  accuracy/top5: 99.4200  data_time: 0.0050  time: 0.0282
2023/06/08 09:29:24 - mmengine - INFO - The previous best checkpoint /root/mmpretrain/work_dirs/best_accuracy_top1_epoch_6.pth is removed
2023/06/08 09:29:26 - mmengine - INFO - The best checkpoint with 93.3875 accuracy/top1 at 7 epoch is saved to best_accuracy_top1_epoch_7.pth.
2023/06/08 09:29:26 - mmengine - INFO - Epoch(train)  [8][  5/109]  lr: 1.0000e-03  eta: 0:00:24  time: 0.0825  data_time: 0.0142  memory: 2956  loss: 0.2400
2023/06/08 09:29:26 - mmengine - INFO - Epoch(train)  [8][ 10/109]  lr: 1.0000e-03  eta: 0:00:23  time: 0.0837  data_time: 0.0147  memory: 2956  loss: 0.2116
2023/06/08 09:29:27 - mmengine - INFO - Epoch(train)  [8][ 15/109]  lr: 1.0000e-03  eta: 0:00:23  time: 0.0707  data_time: 0.0016  memory: 2956  loss: 0.2089
2023/06/08 09:29:27 - mmengine - INFO - Epoch(train)  [8][ 20/109]  lr: 1.0000e-03  eta: 0:00:23  time: 0.0706  data_time: 0.0014  memory: 2956  loss: 0.2969
2023/06/08 09:29:27 - mmengine - INFO - Epoch(train)  [8][ 25/109]  lr: 1.0000e-03  eta: 0:00:22  time: 0.0705  data_time: 0.0014  memory: 2956  loss: 0.3249
2023/06/08 09:29:28 - mmengine - INFO - Epoch(train)  [8][ 30/109]  lr: 1.0000e-03  eta: 0:00:22  time: 0.0706  data_time: 0.0014  memory: 2956  loss: 0.2524
2023/06/08 09:29:28 - mmengine - INFO - Epoch(train)  [8][ 35/109]  lr: 1.0000e-03  eta: 0:00:22  time: 0.0706  data_time: 0.0012  memory: 2956  loss: 0.2870
2023/06/08 09:29:29 - mmengine - INFO - Epoch(train)  [8][ 40/109]  lr: 1.0000e-03  eta: 0:00:21  time: 0.0710  data_time: 0.0019  memory: 2956  loss: 0.2982
2023/06/08 09:29:29 - mmengine - INFO - Epoch(train)  [8][ 45/109]  lr: 1.0000e-03  eta: 0:00:21  time: 0.0709  data_time: 0.0019  memory: 2956  loss: 0.3221
2023/06/08 09:29:29 - mmengine - INFO - Epoch(train)  [8][ 50/109]  lr: 1.0000e-03  eta: 0:00:20  time: 0.0705  data_time: 0.0013  memory: 2956  loss: 0.2942
2023/06/08 09:29:30 - mmengine - INFO - Epoch(train)  [8][ 55/109]  lr: 1.0000e-03  eta: 0:00:20  time: 0.0706  data_time: 0.0012  memory: 2956  loss: 0.2106
2023/06/08 09:29:30 - mmengine - INFO - Epoch(train)  [8][ 60/109]  lr: 1.0000e-03  eta: 0:00:20  time: 0.0706  data_time: 0.0013  memory: 2956  loss: 0.2798
2023/06/08 09:29:30 - mmengine - INFO - Epoch(train)  [8][ 65/109]  lr: 1.0000e-03  eta: 0:00:19  time: 0.0704  data_time: 0.0013  memory: 2956  loss: 0.2558
2023/06/08 09:29:31 - mmengine - INFO - Epoch(train)  [8][ 70/109]  lr: 1.0000e-03  eta: 0:00:19  time: 0.0703  data_time: 0.0012  memory: 2956  loss: 0.1711
2023/06/08 09:29:31 - mmengine - INFO - Epoch(train)  [8][ 75/109]  lr: 1.0000e-03  eta: 0:00:18  time: 0.0705  data_time: 0.0012  memory: 2956  loss: 0.2190
2023/06/08 09:29:31 - mmengine - INFO - Epoch(train)  [8][ 80/109]  lr: 1.0000e-03  eta: 0:00:18  time: 0.0703  data_time: 0.0012  memory: 2956  loss: 0.2683
2023/06/08 09:29:32 - mmengine - INFO - Epoch(train)  [8][ 85/109]  lr: 1.0000e-03  eta: 0:00:18  time: 0.0702  data_time: 0.0012  memory: 2956  loss: 0.2464
2023/06/08 09:29:32 - mmengine - INFO - Epoch(train)  [8][ 90/109]  lr: 1.0000e-03  eta: 0:00:17  time: 0.0703  data_time: 0.0012  memory: 2956  loss: 0.2670
2023/06/08 09:29:32 - mmengine - INFO - Epoch(train)  [8][ 95/109]  lr: 1.0000e-03  eta: 0:00:17  time: 0.0702  data_time: 0.0012  memory: 2956  loss: 0.3070
2023/06/08 09:29:33 - mmengine - INFO - Epoch(train)  [8][100/109]  lr: 1.0000e-03  eta: 0:00:17  time: 0.0703  data_time: 0.0011  memory: 2956  loss: 0.2506
2023/06/08 09:29:33 - mmengine - INFO - Epoch(train)  [8][105/109]  lr: 1.0000e-03  eta: 0:00:16  time: 0.0697  data_time: 0.0010  memory: 2956  loss: 0.2408
2023/06/08 09:29:33 - mmengine - INFO - Exp name: resnet50_fruit30_20230608_092805
2023/06/08 09:29:34 - mmengine - INFO - Epoch(val)  [8][ 5/27]    eta: 0:00:01  time: 0.0354  data_time: 0.0124  memory: 2956  
2023/06/08 09:29:34 - mmengine - INFO - Epoch(val)  [8][10/27]    eta: 0:00:00  time: 0.0359  data_time: 0.0126  memory: 553  
2023/06/08 09:29:34 - mmengine - INFO - Epoch(val)  [8][15/27]    eta: 0:00:00  time: 0.0242  data_time: 0.0008  memory: 553  
2023/06/08 09:29:34 - mmengine - INFO - Epoch(val)  [8][20/27]    eta: 0:00:00  time: 0.0240  data_time: 0.0008  memory: 553  
2023/06/08 09:29:34 - mmengine - INFO - Epoch(val)  [8][25/27]    eta: 0:00:00  time: 0.0238  data_time: 0.0005  memory: 553  
2023/06/08 09:29:34 - mmengine - INFO - Epoch(val) [8][27/27]    accuracy/top1: 93.9675  accuracy/top5: 99.1879  data_time: 0.0049  time: 0.0280
2023/06/08 09:29:34 - mmengine - INFO - The previous best checkpoint /root/mmpretrain/work_dirs/best_accuracy_top1_epoch_7.pth is removed
2023/06/08 09:29:36 - mmengine - INFO - The best checkpoint with 93.9675 accuracy/top1 at 8 epoch is saved to best_accuracy_top1_epoch_8.pth.
2023/06/08 09:29:36 - mmengine - INFO - Epoch(train)  [9][  5/109]  lr: 1.0000e-03  eta: 0:00:15  time: 0.0829  data_time: 0.0146  memory: 2956  loss: 0.2495
2023/06/08 09:29:36 - mmengine - INFO - Epoch(train)  [9][ 10/109]  lr: 1.0000e-03  eta: 0:00:15  time: 0.0835  data_time: 0.0149  memory: 2956  loss: 0.2007
2023/06/08 09:29:37 - mmengine - INFO - Epoch(train)  [9][ 15/109]  lr: 1.0000e-03  eta: 0:00:15  time: 0.0703  data_time: 0.0014  memory: 2956  loss: 0.1993
2023/06/08 09:29:37 - mmengine - INFO - Epoch(train)  [9][ 20/109]  lr: 1.0000e-03  eta: 0:00:14  time: 0.0706  data_time: 0.0015  memory: 2956  loss: 0.2381
2023/06/08 09:29:37 - mmengine - INFO - Epoch(train)  [9][ 25/109]  lr: 1.0000e-03  eta: 0:00:14  time: 0.0703  data_time: 0.0015  memory: 2956  loss: 0.2785
2023/06/08 09:29:38 - mmengine - INFO - Epoch(train)  [9][ 30/109]  lr: 1.0000e-03  eta: 0:00:14  time: 0.0703  data_time: 0.0015  memory: 2956  loss: 0.2515
2023/06/08 09:29:38 - mmengine - INFO - Epoch(train)  [9][ 35/109]  lr: 1.0000e-03  eta: 0:00:13  time: 0.0704  data_time: 0.0014  memory: 2956  loss: 0.2438
2023/06/08 09:29:38 - mmengine - INFO - Epoch(train)  [9][ 40/109]  lr: 1.0000e-03  eta: 0:00:13  time: 0.0703  data_time: 0.0013  memory: 2956  loss: 0.2354
2023/06/08 09:29:39 - mmengine - INFO - Epoch(train)  [9][ 45/109]  lr: 1.0000e-03  eta: 0:00:12  time: 0.0704  data_time: 0.0013  memory: 2956  loss: 0.2229
2023/06/08 09:29:39 - mmengine - INFO - Epoch(train)  [9][ 50/109]  lr: 1.0000e-03  eta: 0:00:12  time: 0.0705  data_time: 0.0013  memory: 2956  loss: 0.2676
2023/06/08 09:29:40 - mmengine - INFO - Epoch(train)  [9][ 55/109]  lr: 1.0000e-03  eta: 0:00:12  time: 0.0705  data_time: 0.0014  memory: 2956  loss: 0.2300
2023/06/08 09:29:40 - mmengine - INFO - Epoch(train)  [9][ 60/109]  lr: 1.0000e-03  eta: 0:00:11  time: 0.0706  data_time: 0.0016  memory: 2956  loss: 0.1936
2023/06/08 09:29:40 - mmengine - INFO - Epoch(train)  [9][ 65/109]  lr: 1.0000e-03  eta: 0:00:11  time: 0.0706  data_time: 0.0015  memory: 2956  loss: 0.2294
2023/06/08 09:29:41 - mmengine - INFO - Epoch(train)  [9][ 70/109]  lr: 1.0000e-03  eta: 0:00:11  time: 0.0707  data_time: 0.0015  memory: 2956  loss: 0.2527
2023/06/08 09:29:41 - mmengine - INFO - Epoch(train)  [9][ 75/109]  lr: 1.0000e-03  eta: 0:00:10  time: 0.0705  data_time: 0.0013  memory: 2956  loss: 0.2027
2023/06/08 09:29:41 - mmengine - INFO - Epoch(train)  [9][ 80/109]  lr: 1.0000e-03  eta: 0:00:10  time: 0.0701  data_time: 0.0011  memory: 2956  loss: 0.1947
2023/06/08 09:29:42 - mmengine - INFO - Epoch(train)  [9][ 85/109]  lr: 1.0000e-03  eta: 0:00:09  time: 0.0703  data_time: 0.0014  memory: 2956  loss: 0.2605
2023/06/08 09:29:42 - mmengine - INFO - Epoch(train)  [9][ 90/109]  lr: 1.0000e-03  eta: 0:00:09  time: 0.0705  data_time: 0.0014  memory: 2956  loss: 0.2245
2023/06/08 09:29:42 - mmengine - INFO - Epoch(train)  [9][ 95/109]  lr: 1.0000e-03  eta: 0:00:09  time: 0.0704  data_time: 0.0012  memory: 2956  loss: 0.1878
2023/06/08 09:29:43 - mmengine - INFO - Epoch(train)  [9][100/109]  lr: 1.0000e-03  eta: 0:00:08  time: 0.0705  data_time: 0.0013  memory: 2956  loss: 0.2024
2023/06/08 09:29:43 - mmengine - INFO - Epoch(train)  [9][105/109]  lr: 1.0000e-03  eta: 0:00:08  time: 0.0696  data_time: 0.0011  memory: 2956  loss: 0.2180
2023/06/08 09:29:43 - mmengine - INFO - Exp name: resnet50_fruit30_20230608_092805
2023/06/08 09:29:44 - mmengine - INFO - Epoch(val)  [9][ 5/27]    eta: 0:00:01  time: 0.0358  data_time: 0.0127  memory: 2956  
2023/06/08 09:29:44 - mmengine - INFO - Epoch(val)  [9][10/27]    eta: 0:00:00  time: 0.0362  data_time: 0.0129  memory: 553  
2023/06/08 09:29:44 - mmengine - INFO - Epoch(val)  [9][15/27]    eta: 0:00:00  time: 0.0247  data_time: 0.0008  memory: 553  
2023/06/08 09:29:44 - mmengine - INFO - Epoch(val)  [9][20/27]    eta: 0:00:00  time: 0.0246  data_time: 0.0007  memory: 553  
2023/06/08 09:29:44 - mmengine - INFO - Epoch(val)  [9][25/27]    eta: 0:00:00  time: 0.0236  data_time: 0.0004  memory: 553  
2023/06/08 09:29:44 - mmengine - INFO - Epoch(val) [9][27/27]    accuracy/top1: 94.3155  accuracy/top5: 99.4200  data_time: 0.0050  time: 0.0283
2023/06/08 09:29:44 - mmengine - INFO - The previous best checkpoint /root/mmpretrain/work_dirs/best_accuracy_top1_epoch_8.pth is removed
2023/06/08 09:29:45 - mmengine - INFO - The best checkpoint with 94.3155 accuracy/top1 at 9 epoch is saved to best_accuracy_top1_epoch_9.pth.
2023/06/08 09:29:46 - mmengine - INFO - Epoch(train) [10][  5/109]  lr: 1.0000e-03  eta: 0:00:07  time: 0.0828  data_time: 0.0144  memory: 2956  loss: 0.1862
2023/06/08 09:29:46 - mmengine - INFO - Epoch(train) [10][ 10/109]  lr: 1.0000e-03  eta: 0:00:07  time: 0.0840  data_time: 0.0148  memory: 2956  loss: 0.2040
2023/06/08 09:29:47 - mmengine - INFO - Epoch(train) [10][ 15/109]  lr: 1.0000e-03  eta: 0:00:07  time: 0.0706  data_time: 0.0015  memory: 2956  loss: 0.2016
2023/06/08 09:29:47 - mmengine - INFO - Exp name: resnet50_fruit30_20230608_092805
2023/06/08 09:29:47 - mmengine - INFO - Epoch(train) [10][ 20/109]  lr: 1.0000e-03  eta: 0:00:06  time: 0.0705  data_time: 0.0015  memory: 2956  loss: 0.2214
2023/06/08 09:29:47 - mmengine - INFO - Epoch(train) [10][ 25/109]  lr: 1.0000e-03  eta: 0:00:06  time: 0.0702  data_time: 0.0012  memory: 2956  loss: 0.1877
2023/06/08 09:29:48 - mmengine - INFO - Epoch(train) [10][ 30/109]  lr: 1.0000e-03  eta: 0:00:05  time: 0.0701  data_time: 0.0012  memory: 2956  loss: 0.1697
2023/06/08 09:29:48 - mmengine - INFO - Epoch(train) [10][ 35/109]  lr: 1.0000e-03  eta: 0:00:05  time: 0.0702  data_time: 0.0014  memory: 2956  loss: 0.1571
2023/06/08 09:29:48 - mmengine - INFO - Epoch(train) [10][ 40/109]  lr: 1.0000e-03  eta: 0:00:05  time: 0.0705  data_time: 0.0015  memory: 2956  loss: 0.1975
2023/06/08 09:29:49 - mmengine - INFO - Epoch(train) [10][ 45/109]  lr: 1.0000e-03  eta: 0:00:04  time: 0.0707  data_time: 0.0014  memory: 2956  loss: 0.2095
2023/06/08 09:29:49 - mmengine - INFO - Epoch(train) [10][ 50/109]  lr: 1.0000e-03  eta: 0:00:04  time: 0.0706  data_time: 0.0013  memory: 2956  loss: 0.1586
2023/06/08 09:29:49 - mmengine - INFO - Epoch(train) [10][ 55/109]  lr: 1.0000e-03  eta: 0:00:04  time: 0.0708  data_time: 0.0016  memory: 2956  loss: 0.1506
2023/06/08 09:29:50 - mmengine - INFO - Epoch(train) [10][ 60/109]  lr: 1.0000e-03  eta: 0:00:03  time: 0.0710  data_time: 0.0017  memory: 2956  loss: 0.1898
2023/06/08 09:29:50 - mmengine - INFO - Epoch(train) [10][ 65/109]  lr: 1.0000e-03  eta: 0:00:03  time: 0.0708  data_time: 0.0015  memory: 2956  loss: 0.2252
2023/06/08 09:29:51 - mmengine - INFO - Epoch(train) [10][ 70/109]  lr: 1.0000e-03  eta: 0:00:02  time: 0.0707  data_time: 0.0015  memory: 2956  loss: 0.1816
2023/06/08 09:29:51 - mmengine - INFO - Epoch(train) [10][ 75/109]  lr: 1.0000e-03  eta: 0:00:02  time: 0.0710  data_time: 0.0015  memory: 2956  loss: 0.2061
2023/06/08 09:29:51 - mmengine - INFO - Epoch(train) [10][ 80/109]  lr: 1.0000e-03  eta: 0:00:02  time: 0.0710  data_time: 0.0013  memory: 2956  loss: 0.2126
2023/06/08 09:29:52 - mmengine - INFO - Epoch(train) [10][ 85/109]  lr: 1.0000e-03  eta: 0:00:01  time: 0.0712  data_time: 0.0013  memory: 2956  loss: 0.1902
2023/06/08 09:29:52 - mmengine - INFO - Epoch(train) [10][ 90/109]  lr: 1.0000e-03  eta: 0:00:01  time: 0.0711  data_time: 0.0013  memory: 2956  loss: 0.2035
2023/06/08 09:29:52 - mmengine - INFO - Epoch(train) [10][ 95/109]  lr: 1.0000e-03  eta: 0:00:01  time: 0.0707  data_time: 0.0012  memory: 2956  loss: 0.1927
2023/06/08 09:29:53 - mmengine - INFO - Epoch(train) [10][100/109]  lr: 1.0000e-03  eta: 0:00:00  time: 0.0708  data_time: 0.0013  memory: 2956  loss: 0.1838
2023/06/08 09:29:53 - mmengine - INFO - Epoch(train) [10][105/109]  lr: 1.0000e-03  eta: 0:00:00  time: 0.0699  data_time: 0.0011  memory: 2956  loss: 0.2215
2023/06/08 09:29:53 - mmengine - INFO - Exp name: resnet50_fruit30_20230608_092805
2023/06/08 09:29:53 - mmengine - INFO - Saving checkpoint at 10 epochs
2023/06/08 09:29:55 - mmengine - INFO - Epoch(val) [10][ 5/27]    eta: 0:00:01  time: 0.0371  data_time: 0.0137  memory: 2956  
2023/06/08 09:29:55 - mmengine - INFO - Epoch(val) [10][10/27]    eta: 0:00:00  time: 0.0378  data_time: 0.0138  memory: 553  
2023/06/08 09:29:55 - mmengine - INFO - Epoch(val) [10][15/27]    eta: 0:00:00  time: 0.0241  data_time: 0.0006  memory: 553  
2023/06/08 09:29:55 - mmengine - INFO - Epoch(val) [10][20/27]    eta: 0:00:00  time: 0.0237  data_time: 0.0006  memory: 553  
2023/06/08 09:29:56 - mmengine - INFO - Epoch(val) [10][25/27]    eta: 0:00:00  time: 0.0236  data_time: 0.0005  memory: 553  
2023/06/08 09:29:56 - mmengine - INFO - Epoch(val) [10][27/27]    accuracy/top1: 93.8515  accuracy/top5: 99.3039  data_time: 0.0053  time: 0.0286
